[    0.000000] Linux version 4.15.0-118-generic (buildd@lgw01-amd64-039) (gcc version 7.5.0 (Ubuntu 7.5.0-3ubuntu1~18.04)) #119-Ubuntu SMP Tue Sep 8 12:30:01 UTC 2020 (Ubuntu 4.15.0-118.119-generic 4.15.18)
[    0.000000] Command line: BOOT_IMAGE=/boot/vmlinuz-4.15.0-118-generic root=LABEL=cloudimg-rootfs ro console=tty1 console=ttyS0
[    0.000000] KERNEL supported cpus:
[    0.000000]   Intel GenuineIntel
[    0.000000]   AMD AuthenticAMD
[    0.000000]   Centaur CentaurHauls
[    0.000000] x86/fpu: Supporting XSAVE feature 0x001: 'x87 floating point registers'
[    0.000000] x86/fpu: Supporting XSAVE feature 0x002: 'SSE registers'
[    0.000000] x86/fpu: Supporting XSAVE feature 0x004: 'AVX registers'
[    0.000000] x86/fpu: xstate_offset[2]:  576, xstate_sizes[2]:  256
[    0.000000] x86/fpu: Enabled xstate features 0x7, context size is 832 bytes, using 'standard' format.
[    0.000000] e820: BIOS-provided physical RAM map:
[    0.000000] BIOS-e820: [mem 0x0000000000000000-0x000000000009fbff] usable
[    0.000000] BIOS-e820: [mem 0x000000000009fc00-0x000000000009ffff] reserved
[    0.000000] BIOS-e820: [mem 0x00000000000f0000-0x00000000000fffff] reserved
[    0.000000] BIOS-e820: [mem 0x0000000000100000-0x000000007ffeffff] usable
[    0.000000] BIOS-e820: [mem 0x000000007fff0000-0x000000007fffffff] ACPI data
[    0.000000] BIOS-e820: [mem 0x00000000fec00000-0x00000000fec00fff] reserved
[    0.000000] BIOS-e820: [mem 0x00000000fee00000-0x00000000fee00fff] reserved
[    0.000000] BIOS-e820: [mem 0x00000000fffc0000-0x00000000ffffffff] reserved
[    0.000000] NX (Execute Disable) protection: active
[    0.000000] SMBIOS 2.5 present.
[    0.000000] DMI: innotek GmbH VirtualBox/VirtualBox, BIOS VirtualBox 12/01/2006
[    0.000000] Hypervisor detected: KVM
[    0.000000] e820: last_pfn = 0x7fff0 max_arch_pfn = 0x400000000
[    0.000000] MTRR: Disabled
[    0.000000] x86/PAT: MTRRs disabled, skipping PAT initialization too.
[    0.000000] CPU MTRRs all blank - virtualized system.
[    0.000000] x86/PAT: Configuration [0-7]: WB  WT  UC- UC  WB  WT  UC- UC  
[    0.000000] found SMP MP-table at [mem 0x0009fff0-0x0009ffff]
[    0.000000] Scanning 1 areas for low memory corruption
[    0.000000] RAMDISK: [mem 0x35a65000-0x36d29fff]
[    0.000000] ACPI: Early table checksum verification disabled
[    0.000000] ACPI: RSDP 0x00000000000E0000 000024 (v02 VBOX  )
[    0.000000] ACPI: XSDT 0x000000007FFF0030 00003C (v01 VBOX   VBOXXSDT 00000001 ASL  00000061)
[    0.000000] ACPI: FACP 0x000000007FFF00F0 0000F4 (v04 VBOX   VBOXFACP 00000001 ASL  00000061)
[    0.000000] ACPI: DSDT 0x000000007FFF0470 002325 (v02 VBOX   VBOXBIOS 00000002 INTL 20100528)
[    0.000000] ACPI: FACS 0x000000007FFF0200 000040
[    0.000000] ACPI: FACS 0x000000007FFF0200 000040
[    0.000000] ACPI: APIC 0x000000007FFF0240 000054 (v02 VBOX   VBOXAPIC 00000001 ASL  00000061)
[    0.000000] ACPI: SSDT 0x000000007FFF02A0 0001CC (v01 VBOX   VBOXCPUT 00000002 INTL 20100528)
[    0.000000] No NUMA configuration found
[    0.000000] Faking a node at [mem 0x0000000000000000-0x000000007ffeffff]
[    0.000000] NODE_DATA(0) allocated [mem 0x7ffc5000-0x7ffeffff]
[    0.000000] kvm-clock: cpu 0, msr 0:7ff44001, primary cpu clock
[    0.000000] kvm-clock: Using msrs 4b564d01 and 4b564d00
[    0.000000] kvm-clock: using sched offset of 3656639854 cycles
[    0.000000] clocksource: kvm-clock: mask: 0xffffffffffffffff max_cycles: 0x1cd42e4dffb, max_idle_ns: 881590591483 ns
[    0.000000] Zone ranges:
[    0.000000]   DMA      [mem 0x0000000000001000-0x0000000000ffffff]
[    0.000000]   DMA32    [mem 0x0000000001000000-0x000000007ffeffff]
[    0.000000]   Normal   empty
[    0.000000]   Device   empty
[    0.000000] Movable zone start for each node
[    0.000000] Early memory node ranges
[    0.000000]   node   0: [mem 0x0000000000001000-0x000000000009efff]
[    0.000000]   node   0: [mem 0x0000000000100000-0x000000007ffeffff]
[    0.000000] Reserved but unavailable: 98 pages
[    0.000000] Initmem setup node 0 [mem 0x0000000000001000-0x000000007ffeffff]
[    0.000000] ACPI: PM-Timer IO Port: 0x4008
[    0.000000] IOAPIC[0]: apic_id 1, version 32, address 0xfec00000, GSI 0-23
[    0.000000] ACPI: INT_SRC_OVR (bus 0 bus_irq 0 global_irq 2 dfl dfl)
[    0.000000] ACPI: INT_SRC_OVR (bus 0 bus_irq 9 global_irq 9 low level)
[    0.000000] Using ACPI (MADT) for SMP configuration information
[    0.000000] smpboot: Allowing 1 CPUs, 0 hotplug CPUs
[    0.000000] PM: Registered nosave memory: [mem 0x00000000-0x00000fff]
[    0.000000] PM: Registered nosave memory: [mem 0x0009f000-0x0009ffff]
[    0.000000] PM: Registered nosave memory: [mem 0x000a0000-0x000effff]
[    0.000000] PM: Registered nosave memory: [mem 0x000f0000-0x000fffff]
[    0.000000] e820: [mem 0x80000000-0xfebfffff] available for PCI devices
[    0.000000] Booting paravirtualized kernel on KVM
[    0.000000] clocksource: refined-jiffies: mask: 0xffffffff max_cycles: 0xffffffff, max_idle_ns: 7645519600211568 ns
[    0.000000] random: get_random_bytes called from start_kernel+0x99/0x500 with crng_init=0
[    0.000000] setup_percpu: NR_CPUS:8192 nr_cpumask_bits:1 nr_cpu_ids:1 nr_node_ids:1
[    0.000000] percpu: Embedded 45 pages/cpu s147456 r8192 d28672 u2097152
[    0.000000] PV qspinlock hash table entries: 256 (order: 0, 4096 bytes)
[    0.000000] Built 1 zonelists, mobility grouping on.  Total pages: 515961
[    0.000000] Policy zone: DMA32
[    0.000000] Kernel command line: BOOT_IMAGE=/boot/vmlinuz-4.15.0-118-generic root=LABEL=cloudimg-rootfs ro console=tty1 console=ttyS0
[    0.000000] Memory: 2015400K/2096696K available (12300K kernel code, 2482K rwdata, 4272K rodata, 2436K init, 2724K bss, 81296K reserved, 0K cma-reserved)
[    0.000000] SLUB: HWalign=64, Order=0-3, MinObjects=0, CPUs=1, Nodes=1
[    0.000000] Kernel/User page tables isolation: enabled
[    0.000000] ftrace: allocating 39396 entries in 154 pages
[    0.004000] Hierarchical RCU implementation.
[    0.004000] 	RCU restricting CPUs from NR_CPUS=8192 to nr_cpu_ids=1.
[    0.004000] 	Tasks RCU enabled.
[    0.004000] RCU: Adjusting geometry for rcu_fanout_leaf=16, nr_cpu_ids=1
[    0.004000] NR_IRQS: 524544, nr_irqs: 256, preallocated irqs: 16
[    0.004000] Console: colour VGA+ 80x25
[    0.004000] console [tty1] enabled
[    0.004000] console [ttyS0] enabled
[    0.004000] ACPI: Core revision 20170831
[    0.004000] ACPI: 2 ACPI AML tables successfully acquired and loaded
[    0.004000] APIC: Switch to symmetric I/O mode setup
[    0.004000] x2apic enabled
[    0.004000] Switched APIC routing to physical x2apic.
[    0.004000] ..TIMER: vector=0x30 apic1=0 pin1=2 apic2=-1 pin2=-1
[    0.004000] tsc: Detected 2303.998 MHz processor
[    0.004007] Calibrating delay loop (skipped) preset value.. 4607.99 BogoMIPS (lpj=9215992)
[    0.005198] pid_max: default: 32768 minimum: 301
[    0.005891] Security Framework initialized
[    0.006495] Yama: becoming mindful.
[    0.007032] AppArmor: AppArmor initialized
[    0.008622] Dentry cache hash table entries: 262144 (order: 9, 2097152 bytes)
[    0.010143] Inode-cache hash table entries: 131072 (order: 8, 1048576 bytes)
[    0.011151] Mount-cache hash table entries: 4096 (order: 3, 32768 bytes)
[    0.012004] Mountpoint-cache hash table entries: 4096 (order: 3, 32768 bytes)
[    0.013432] process: using mwait in idle threads
[    0.014121] Last level iTLB entries: 4KB 64, 2MB 8, 4MB 8
[    0.014911] Last level dTLB entries: 4KB 64, 2MB 0, 4MB 0, 1GB 4
[    0.015777] Spectre V1 : Mitigation: usercopy/swapgs barriers and __user pointer sanitization
[    0.016002] Spectre V2 : Mitigation: Full generic retpoline
[    0.016805] Spectre V2 : Spectre v2 / SpectreRSB mitigation: Filling RSB on context switch
[    0.018611] Speculative Store Bypass: Vulnerable
[    0.020031] SRBDS: Unknown: Dependent on hypervisor status
[    0.020932] MDS: Mitigation: Clear CPU buffers
[    0.032292] Freeing SMP alternatives memory: 36K
[    0.143227] smpboot: CPU0: Intel(R) Core(TM) i9-9880H CPU @ 2.30GHz (family: 0x6, model: 0x9e, stepping: 0xd)
[    0.144000] Performance Events: unsupported p6 CPU model 158 no PMU driver, software events only.
[    0.144000] Hierarchical SRCU implementation.
[    0.144420] NMI watchdog: Perf event create on CPU 0 failed with -2
[    0.145353] NMI watchdog: Perf NMI watchdog permanently disabled
[    0.146253] smp: Bringing up secondary CPUs ...
[    0.146938] smp: Brought up 1 node, 1 CPU
[    0.147585] smpboot: Max logical packages: 1
[    0.148002] smpboot: Total of 1 processors activated (4607.99 BogoMIPS)
[    0.149156] devtmpfs: initialized
[    0.149715] x86/mm: Memory block size: 128MB
[    0.150486] evm: security.selinux
[    0.151007] evm: security.SMACK64
[    0.152003] evm: security.SMACK64EXEC
[    0.152567] evm: security.SMACK64TRANSMUTE
[    0.153190] evm: security.SMACK64MMAP
[    0.153754] evm: security.apparmor
[    0.154282] evm: security.ima
[    0.154751] evm: security.capability
[    0.155414] clocksource: jiffies: mask: 0xffffffff max_cycles: 0xffffffff, max_idle_ns: 7645041785100000 ns
[    0.156004] futex hash table entries: 256 (order: 2, 16384 bytes)
[    0.157059] pinctrl core: initialized pinctrl subsystem
[    0.157958] RTC time: 18:57:27, date: 10/13/20
[    0.160066] NET: Registered protocol family 16
[    0.160789] audit: initializing netlink subsys (disabled)
[    0.161674] cpuidle: using governor ladder
[    0.162367] cpuidle: using governor menu
[    0.163061] ACPI: bus type PCI registered
[    0.163671] acpiphp: ACPI Hot Plug PCI Controller Driver version: 0.5
[    0.164071] PCI: Using configuration type 1 for base access
[    0.164908] audit: type=2000 audit(1602615453.353:1): state=initialized audit_enabled=0 res=1
[    0.166807] HugeTLB registered 2.00 MiB page size, pre-allocated 0 pages
[    0.168108] ACPI: Added _OSI(Module Device)
[    0.168750] ACPI: Added _OSI(Processor Device)
[    0.169421] ACPI: Added _OSI(3.0 _SCP Extensions)
[    0.170376] ACPI: Added _OSI(Processor Aggregator Device)
[    0.171173] ACPI: Added _OSI(Linux-Dell-Video)
[    0.172006] ACPI: Added _OSI(Linux-Lenovo-NV-HDMI-Audio)
[    0.172795] ACPI: Added _OSI(Linux-HPI-Hybrid-Graphics)
[    0.173843] ACPI: Executed 1 blocks of module-level executable AML code
[    0.177413] ACPI: Interpreter enabled
[    0.177974] ACPI: (supports S0 S5)
[    0.178533] ACPI: Using IOAPIC for interrupt routing
[    0.179398] PCI: Using host bridge windows from ACPI; if necessary, use "pci=nocrs" and report a bug
[    0.180149] ACPI: Enabled 2 GPEs in block 00 to 07
[    0.186681] ACPI: PCI Root Bridge [PCI0] (domain 0000 [bus 00-ff])
[    0.187918] acpi PNP0A03:00: _OSC: OS supports [ASPM ClockPM Segments MSI]
[    0.188312] acpi PNP0A03:00: _OSC: not requesting OS control; OS requires [ExtendedConfig ASPM ClockPM MSI]
[    0.190332] acpi PNP0A03:00: fail to add MMCONFIG information, can't access extended PCI configuration space under this bridge.
[    0.192367] PCI host bridge to bus 0000:00
[    0.192995] pci_bus 0000:00: root bus resource [io  0x0000-0x0cf7 window]
[    0.194015] pci_bus 0000:00: root bus resource [io  0x0d00-0xffff window]
[    0.196002] pci_bus 0000:00: root bus resource [mem 0x000a0000-0x000bffff window]
[    0.197124] pci_bus 0000:00: root bus resource [mem 0x80000000-0xfdffffff window]
[    0.198263] pci_bus 0000:00: root bus resource [bus 00-ff]
[    0.201324] pci 0000:00:01.1: legacy IDE quirk: reg 0x10: [io  0x01f0-0x01f7]
[    0.202318] pci 0000:00:01.1: legacy IDE quirk: reg 0x14: [io  0x03f6]
[    0.203232] pci 0000:00:01.1: legacy IDE quirk: reg 0x18: [io  0x0170-0x0177]
[    0.204002] pci 0000:00:01.1: legacy IDE quirk: reg 0x1c: [io  0x0376]
[    0.217462] pci 0000:00:07.0: quirk: [io  0x4000-0x403f] claimed by PIIX4 ACPI
[    0.218959] pci 0000:00:07.0: quirk: [io  0x4100-0x410f] claimed by PIIX4 SMB
[    0.230471] ACPI: PCI Interrupt Link [LNKA] (IRQs 5 9 10 *11)
[    0.232222] ACPI: PCI Interrupt Link [LNKB] (IRQs 5 9 *10 11)
[    0.233381] ACPI: PCI Interrupt Link [LNKC] (IRQs 5 *9 10 11)
[    0.234619] ACPI: PCI Interrupt Link [LNKD] (IRQs 5 9 10 *11)
[    0.236276] SCSI subsystem initialized
[    0.237065] pci 0000:00:02.0: vgaarb: setting as boot VGA device
[    0.238046] pci 0000:00:02.0: vgaarb: VGA device added: decodes=io+mem,owns=io+mem,locks=none
[    0.239430] pci 0000:00:02.0: vgaarb: bridge control possible
[    0.240001] vgaarb: loaded
[    0.240507] ACPI: bus type USB registered
[    0.241114] usbcore: registered new interface driver usbfs
[    0.241942] usbcore: registered new interface driver hub
[    0.242714] usbcore: registered new device driver usb
[    0.244033] EDAC MC: Ver: 3.0.0
[    0.244790] PCI: Using ACPI for IRQ routing
[    0.245673] NetLabel: Initializing
[    0.246189] NetLabel:  domain hash size = 128
[    0.246827] NetLabel:  protocols = UNLABELED CIPSOv4 CALIPSO
[    0.247686] NetLabel:  unlabeled traffic allowed by default
[    0.248068] clocksource: Switched to clocksource kvm-clock
[    0.256372] VFS: Disk quotas dquot_6.6.0
[    0.257492] VFS: Dquot-cache hash table entries: 512 (order 0, 4096 bytes)
[    0.259018] AppArmor: AppArmor Filesystem Enabled
[    0.259759] pnp: PnP ACPI init
[    0.261241] pnp: PnP ACPI: found 3 devices
[    0.266922] clocksource: acpi_pm: mask: 0xffffff max_cycles: 0xffffff, max_idle_ns: 2085701024 ns
[    0.268753] NET: Registered protocol family 2
[    0.269474] TCP established hash table entries: 16384 (order: 5, 131072 bytes)
[    0.270519] TCP bind hash table entries: 16384 (order: 6, 262144 bytes)
[    0.271466] TCP: Hash tables configured (established 16384 bind 16384)
[    0.272410] UDP hash table entries: 1024 (order: 3, 32768 bytes)
[    0.273254] UDP-Lite hash table entries: 1024 (order: 3, 32768 bytes)
[    0.274330] NET: Registered protocol family 1
[    0.274963] pci 0000:00:00.0: Limiting direct PCI/PCI transfers
[    0.275811] pci 0000:00:01.0: Activating ISA DMA hang workarounds
[    0.276721] pci 0000:00:02.0: Video device with shadowed ROM at [mem 0x000c0000-0x000dffff]
[    0.277991] Unpacking initramfs...
[    0.480593] Freeing initrd memory: 19220K
[    0.481703] clocksource: tsc: mask: 0xffffffffffffffff max_cycles: 0x2135f5e6f15, max_idle_ns: 440795231538 ns
[    0.483789] platform rtc_cmos: registered platform RTC device (no PNP device found)
[    0.485685] Scanning for low memory corruption every 60 seconds
[    0.486896] Initialise system trusted keyrings
[    0.487584] Key type blacklist registered
[    0.488241] workingset: timestamp_bits=36 max_order=19 bucket_order=0
[    0.489838] zbud: loaded
[    0.490625] squashfs: version 4.0 (2009/01/31) Phillip Lougher
[    0.491609] fuse init (API version 7.26)
[    0.492639] Key type asymmetric registered
[    0.493359] Asymmetric key parser 'x509' registered
[    0.494176] Block layer SCSI generic (bsg) driver version 0.4 loaded (major 246)
[    0.495256] io scheduler noop registered
[    0.495838] io scheduler deadline registered
[    0.496515] io scheduler cfq registered (default)
[    0.497581] ACPI: AC Adapter [AC] (on-line)
[    0.498247] input: Power Button as /devices/LNXSYSTM:00/LNXPWRBN:00/input/input0
[    0.499338] ACPI: Power Button [PWRF]
[    0.499945] input: Sleep Button as /devices/LNXSYSTM:00/LNXSLPBN:00/input/input1
[    0.501065] ACPI: Sleep Button [SLPF]
[    0.502537] ACPI: Battery Slot [BAT0] (battery present)
[    0.503353] Serial: 8250/16550 driver, 32 ports, IRQ sharing enabled
[    0.525787] 00:02: ttyS0 at I/O 0x3f8 (irq = 4, base_baud = 115200) is a 16550A
[    0.528372] Linux agpgart interface v0.103
[    0.529570] loop: module loaded
[    0.530326] scsi host0: ata_piix
[    0.531092] scsi host1: ata_piix
[    0.532273] ata1: PATA max UDMA/33 cmd 0x1f0 ctl 0x3f6 bmdma 0xd000 irq 14
[    0.534238] ata2: PATA max UDMA/33 cmd 0x170 ctl 0x376 bmdma 0xd008 irq 15
[    0.536078] libphy: Fixed MDIO Bus: probed
[    0.536726] tun: Universal TUN/TAP device driver, 1.6
[    0.537539] PPP generic driver version 2.4.2
[    0.538469] ehci_hcd: USB 2.0 'Enhanced' Host Controller (EHCI) Driver
[    0.539487] ehci-pci: EHCI PCI platform driver
[    0.541365] ehci-platform: EHCI generic platform driver
[    0.542803] ohci_hcd: USB 1.1 'Open' Host Controller (OHCI) Driver
[    0.544595] ohci-pci: OHCI PCI platform driver
[    0.545283] ohci-platform: OHCI generic platform driver
[    0.546093] uhci_hcd: USB Universal Host Controller Interface driver
[    0.547307] i8042: PNP: PS/2 Controller [PNP0303:PS2K,PNP0f03:PS2M] at 0x60,0x64 irq 1,12
[    0.548911] serio: i8042 KBD port at 0x60,0x64 irq 1
[    0.549669] serio: i8042 AUX port at 0x60,0x64 irq 12
[    0.550467] mousedev: PS/2 mouse device common for all mice
[    0.551520] input: AT Translated Set 2 keyboard as /devices/platform/i8042/serio0/input/input2
[    0.553135] rtc_cmos rtc_cmos: rtc core: registered rtc_cmos as rtc0
[    0.554209] rtc_cmos rtc_cmos: alarms up to one day, 114 bytes nvram
[    0.555135] i2c /dev entries driver
[    0.555708] device-mapper: uevent: version 1.0.3
[    0.556471] device-mapper: ioctl: 4.37.0-ioctl (2017-09-20) initialised: dm-devel@redhat.com
[    0.558796] ledtrig-cpu: registered to indicate activity on CPUs
[    0.560007] intel_pmc_core:  initialized
[    0.560753] NET: Registered protocol family 10
[    0.563374] Segment Routing with IPv6
[    0.563988] NET: Registered protocol family 17
[    0.564737] Key type dns_resolver registered
[    0.565422] mce: Using 0 MCE banks
[    0.565966] RAS: Correctable Errors collector initialized.
[    0.566836] sched_clock: Marking stable (564709751, 0)->(701312568, -136602817)
[    0.567972] registered taskstats version 1
[    0.568630] Loading compiled-in X.509 certificates
[    0.570614] Loaded X.509 cert 'Build time autogenerated kernel key: 12f2d460e247d21dc5d156478bb7d4abc0f5a070'
[    0.572289] zswap: loaded using pool lzo/zbud
[    0.574702] Key type big_key registered
[    0.575285] Key type trusted registered
[    0.576688] Key type encrypted registered
[    0.577296] AppArmor: AppArmor sha1 policy hashing enabled
[    0.578086] ima: No TPM chip found, activating TPM-bypass! (rc=-19)
[    0.578978] ima: Allocated hash algorithm: sha1
[    0.579646] evm: HMAC attrs: 0x1
[    0.580535]   Magic number: 8:354:999
[    0.581104] i8042 aux 00:01: hash matches
[    0.581696]  pnp0: hash matches
[    0.582245] rtc_cmos rtc_cmos: setting system clock to 2020-10-13 18:57:28 UTC (1602615448)
[    0.583554] BIOS EDD facility v0.16 2004-Jun-25, 0 devices found
[    0.584438] EDD information not available.
[    0.718731] Freeing unused kernel image memory: 2436K
[    0.728510] Write protecting the kernel read-only data: 20480k
[    0.730109] Freeing unused kernel image memory: 2008K
[    0.731072] Freeing unused kernel image memory: 1872K
[    0.738159] x86/mm: Checked W+X mappings: passed, no W+X pages found.
[    0.739607] x86/mm: Checking user space page tables
[    0.746144] x86/mm: Checked W+X mappings: passed, no W+X pages found.
Loading, please wait...
starting version 237
[    0.818689] e1000: Intel(R) PRO/1000 Network Driver - version 7.3.21-k8-NAPI
[    0.820155] e1000: Copyright (c) 1999-2006 Intel Corporation.
[    0.825461] Fusion MPT base driver 3.04.20
[    0.826088] Copyright (c) 1999-2008 LSI Corporation
[    0.834569] Fusion MPT SPI Host driver 3.04.20
[    0.848753] AVX2 version of gcm_enc/dec engaged.
[    0.849875] AES CTR mode by8 optimization enabled
[    1.033761] input: ImExPS/2 Generic Explorer Mouse as /devices/platform/i8042/serio1/input/input4
[    1.223848] e1000 0000:00:03.0 eth0: (PCI:33MHz:32-bit) 02:7d:29:b6:4b:3c
[    1.224972] e1000 0000:00:03.0 eth0: Intel(R) PRO/1000 Network Connection
[    1.226550] mptbase: ioc0: Initiating bringup
[    1.320686] ioc0: LSI53C1030 A0: Capabilities={Initiator}
[    1.562121] scsi host2: ioc0: LSI53C1030 A0, FwRev=00000000h, Ports=1, MaxQ=256, IRQ=20
[    1.728787] scsi 2:0:0:0: Direct-Access     VBOX     HARDDISK         1.0  PQ: 0 ANSI: 5
[    1.730271] scsi target2:0:0: Beginning Domain Validation
[    1.733208] scsi target2:0:0: Domain Validation skipping write tests
[    1.734397] scsi target2:0:0: Ending Domain Validation
[    1.735676] scsi target2:0:0: asynchronous
[    1.736893] scsi 2:0:1:0: Direct-Access     VBOX     HARDDISK         1.0  PQ: 0 ANSI: 5
[    1.738358] scsi target2:0:1: Beginning Domain Validation
[    1.739364] random: fast init done
[    1.740711] scsi target2:0:1: Domain Validation skipping write tests
[    1.741832] scsi target2:0:1: Ending Domain Validation
[    1.742827] scsi target2:0:1: asynchronous
[    1.746915] random: systemd-udevd: uninitialized urandom read (16 bytes read)
[    1.748235] random: systemd-udevd: uninitialized urandom read (16 bytes read)
[    1.749558] random: systemd-udevd: uninitialized urandom read (16 bytes read)
[    1.751049] sd 2:0:0:0: Attached scsi generic sg0 type 0
[    1.752107] sd 2:0:0:0: [sda] 83886080 512-byte logical blocks: (42.9 GB/40.0 GiB)
[    1.753469] sd 2:0:0:0: [sda] Write Protect is off
[    1.754515] sd 2:0:0:0: [sda] Incomplete mode parameter data
[    1.755508] sd 2:0:0:0: [sda] Assuming drive cache: write through
[    1.756986] sd 2:0:1:0: [sdb] 20480 512-byte logical blocks: (10.5 MB/10.0 MiB)
[    1.758541] sd 2:0:1:0: [sdb] Write Protect is off
[    1.759800] sd 2:0:1:0: Attached scsi generic sg1 type 0
[    1.760937] sd 2:0:1:0: [sdb] Incomplete mode parameter data
[    1.761885] sd 2:0:1:0: [sdb] Assuming drive cache: write through
[    1.764161]  sda: sda1
[    1.765692] sd 2:0:0:0: [sda] Attached SCSI disk
[    1.766775] sd 2:0:1:0: [sdb] Attached SCSI disk
[    2.116809] e1000 0000:00:08.0 eth1: (PCI:33MHz:32-bit) 08:00:27:6c:1c:3d
[    2.118591] e1000 0000:00:08.0 eth1: Intel(R) PRO/1000 Network Connection
[    2.491944] e1000 0000:00:09.0 eth2: (PCI:33MHz:32-bit) 08:00:27:eb:27:74
[    2.493015] e1000 0000:00:09.0 eth2: Intel(R) PRO/1000 Network Connection
[    2.494808] e1000 0000:00:09.0 enp0s9: renamed from eth2
[    2.501556] e1000 0000:00:03.0 enp0s3: renamed from eth0
[    2.505218] e1000 0000:00:08.0 enp0s8: renamed from eth1
Begin: Loading essential drivers ... [    3.823350] raid6: sse2x1   gen() 17617 MB/s
[    3.883274] raid6: sse2x1   xor() 10373 MB/s
[    3.932525] raid6: sse2x2   gen() 16980 MB/s
[    3.982511] raid6: sse2x2   xor() 12445 MB/s
[    4.032517] raid6: sse2x4   gen() 20287 MB/s
[    4.080523] raid6: sse2x4   xor()  9535 MB/s
[    4.131072] raid6: avx2x1   gen() 32126 MB/s
[    4.181939] raid6: avx2x1   xor() 18163 MB/s
[    4.232581] raid6: avx2x2   gen() 33142 MB/s
[    4.291952] raid6: avx2x2   xor() 26049 MB/s
[    4.351957] raid6: avx2x4   gen() 44849 MB/s
[    4.411970] raid6: avx2x4   xor() 25286 MB/s
[    4.413056] raid6: using algorithm avx2x4 gen() 44849 MB/s
[    4.414108] raid6: .... xor() 25286 MB/s, rmw enabled
[    4.414952] raid6: using avx2x2 recovery algorithm
[    4.417413] xor: automatically using best checksumming function   avx       
[    4.420073] async_tx: api initialized (async)
done.
Begin: Running /scripts/init-premount ... done.
Begin: Mounting root file system ... Begin: Running /scripts/local-top ... done.
Begin: Running /scripts/local-premount ... [    4.458060] Btrfs loaded, crc32c=crc32c-intel
Scanning for Btrfs filesystems
done.
Warning: fsck not present, so skipping root file system
[    4.474435] EXT4-fs (sda1): mounted filesystem with ordered data mode. Opts: (null)
done.
Begin: Running /scripts/local-bottom ... done.
Begin: Running /scripts/init-bottom ... done.
[    4.580641] ip_tables: (C) 2000-2006 Netfilter Core Team
[    4.585464] systemd[1]: systemd 237 running in system mode. (+PAM +AUDIT +SELINUX +IMA +APPARMOR +SMACK +SYSVINIT +UTMP +LIBCRYPTSETUP +GCRYPT +GNUTLS +ACL +XZ +LZ4 +SECCOMP +BLKID +ELFUTILS +KMOD -IDN2 +IDN -PCRE2 default-hierarchy=hybrid)
[    4.589163] systemd[1]: Detected virtualization oracle.
[    4.590094] systemd[1]: Detected architecture x86-64.

Welcome to [1mUbuntu 18.04.5 LTS[0m!

[    4.593139] systemd[1]: Set hostname to <ubuntu>.
[    4.595558] systemd[1]: Initializing machine ID from random generator.
[    4.596750] systemd[1]: Installed transient /etc/machine-id file.
[    4.754969] systemd[1]: Set up automount Arbitrary Executable File Formats File System Automount Point.
[[0;32m  OK  [0m] Set up automount Arbitrary Executab…rmats File System Automount Point.
[    4.757582] systemd[1]: Started Forward Password Requests to Wall Directory Watch.
[[0;32m  OK  [0m] Started Forward Password Requests to Wall Directory Watch.
[    4.760257] systemd[1]: Created slice User and Session Slice.
[[0;32m  OK  [0m] Created slice User and Session Slice.
[    4.761910] systemd[1]: Reached target System Time Synchronized.
[[0;32m  OK  [0m] Reached target System Time Synchronized.
[[0;32m  OK  [0m] Reached target User and Group Name Lookups.
[[0;32m  OK  [0m] Created slice System Slice.
[[0;32m  OK  [0m] Listening on Network Service Netlink Socket.
[[0;32m  OK  [0m] Listening on udev Control Socket.
[[0;32m  OK  [0m] Listening on udev Kernel Socket.
[[0;32m  OK  [0m] Listening on Journal Socket (/dev/log).
[[0;32m  OK  [0m] Listening on LVM2 poll daemon socket.
[[0;32m  OK  [0m] Listening on /dev/initctl Compatibility Named Pipe.
[[0;32m  OK  [0m] Listening on Journal Audit Socket.
[[0;32m  OK  [0m] Listening on Journal Socket.
         Starting Create list of required st…ce nodes for the current kernel...
         Mounting Huge Pages File System...
         Starting Set the console keyboard layout...
         Starting Remount Root and Kernel File Systems...
         Starting udev Coldplug all Devices...
         Mounting Kernel Debug File System...
         Starting Uncomplicated firewall...
[[0;32m  OK  [0m] Reached target Slices.
[    4.819308] EXT4-fs (sda1): re-mounted. Opts: (null)
[[0;32m  OK  [0m] Created slice system-serial\x2dgetty.slice.
[[0;32m  OK  [0m] Reached target Swap.
[[0;32m  OK  [0m] Listening on Syslog Socket.
         Starting Journal Service...
         Mounting POSIX Message Queue File System...
         Starting Load Kernel Modules...
[[0;32m  OK  [0m] Listening on Device-mapper event daemon FIFOs.
[    4.894595] Loading iSCSI transport class v2.0-870.
[    4.898950] iscsi: registered transport (tcp)
[[0;32m  OK  [0m] Listening on LVM2 metadata daemon socket.
         Starting Monitoring of LVM2 mirrors…ng dmeventd or progress polling...
[    4.912362] iscsi: registered transport (iser)
[[0;32m  OK  [0m] Started Journal Service.
[[0;32m  OK  [0m] Started Create list of required sta…vice nodes for the current kernel.
[[0;32m  OK  [0m] Mounted Huge Pages File System.
[[0;32m  OK  [0m] Started Set the console keyboard layout.
[[0;32m  OK  [0m] Started Remount Root and Kernel File Systems.
[[0;32m  OK  [0m] Mounted Kernel Debug File System.
[[0;32m  OK  [0m] Started Uncomplicated firewall.
[[0;32m  OK  [0m] Mounted POSIX Message Queue File System.
[[0;32m  OK  [0m] Started Load Kernel Modules.
[[0;32m  OK  [0m] Started udev Coldplug all Devices.
[[0;32m  OK  [0m] Started LVM2 metadata daemon.
         Mounting FUSE Control File System...
         Starting Apply Kernel Variables...
         Mounting Kernel Configuration File System...
         Starting Load/Save Random Seed...
         Starting Create Static Device Nodes in /dev...
         Starting Flush Journal to Persistent Storage...
[[0;32m  OK  [0m] Started Monitoring of LVM2 mirrors,…sing dmeventd or progress polling.
[[0;32m  OK  [0m] Mounted FUSE Control File System.
[[0;32m  OK  [0m] Mounted Kernel Configuration File System.
[[0;32m  OK  [0m] Started Load/Save Random Seed.
[[0;32m  OK  [0m] Started Create Static Device Nodes in /dev.
         Starting udev Kernel Device Manager...
[[0;32m  OK  [0m] Reached target Local File Systems (Pre).
[[0;32m  OK  [0m] Reached target Local File Systems.
         Starting AppArmor initialization...
         Starting ebtables ruleset management...
         Starting Tell Plymouth To Write Out Runtime Data...
         Starting Commit a transient machine-id on disk...
         Starting Set console font and keymap...
[[0;32m  OK  [0m] Started udev Kernel Device Manager.
[[0;32m  OK  [0m] Started Dispatch Password Requests to Console Directory Watch.
[[0;32m  OK  [0m] Reached target Local Encrypted Volumes.
[[0;32m  OK  [0m] Started Apply Kernel Variables.
[[0;32m  OK  [0m] Started Tell Plymouth To Write Out Runtime Data.
[[0;32m  OK  [0m] Started Set console font and keymap.
[[0;32m  OK  [0m] Started Commit a transient machine-id on disk.
[[0;32m  OK  [0m] Started Flush Journal to Persistent Storage.
         Starting Create Volatile Files and Directories...
[[0;32m  OK  [0m] Started ebtables ruleset management.
[[0;32m  OK  [0m] Started Create Volatile Files and Directories.
         Starting Update UTMP about System Boot/Shutdown...
[[0;32m  OK  [0m] Started Update UTMP about System Boot/Shutdown.
[[0;32m  OK  [0m] Found device /dev/ttyS0.
[[0;32m  OK  [0m] Listening on Load/Save RF Kill Switch Status /dev/rfkill Watch.
[[0;32m  OK  [0m] Started AppArmor initialization.
         Starting Initial cloud-init job (pre-networking)...
         Starting Load AppArmor profiles managed internally by snapd...
[[0;32m  OK  [0m] Started Load AppArmor profiles managed internally by snapd.
[    6.702870] cloud-init[555]: Cloud-init v. 20.3-2-g371b392c-0ubuntu1~18.04.1 running 'init-local' at Tue, 13 Oct 2020 18:57:34 +0000. Up 6.48 seconds.
[[0;32m  OK  [0m] Started Initial cloud-init job (pre-networking).
[[0;32m  OK  [0m] Reached target Network (Pre).
         Starting Network Service...
[[0;32m  OK  [0m] Started Network Service.
         Starting Network Name Resolution...
         Starting Wait for Network to be Configured...
[[0;32m  OK  [0m] Started Network Name Resolution.
[[0;32m  OK  [0m] Reached target Network.
[[0;32m  OK  [0m] Reached target Host and Network Name Lookups.
[[0;32m  OK  [0m] Started Wait for Network to be Configured.
         Starting Initial cloud-init job (metadata service crawler)...
[    8.558142] cloud-init[654]: Cloud-init v. 20.3-2-g371b392c-0ubuntu1~18.04.1 running 'init' at Tue, 13 Oct 2020 18:57:36 +0000. Up 8.46 seconds.
[    8.559624] cloud-init[654]: ci-info: ++++++++++++++++++++++++++++++++++++++Net device info+++++++++++++++++++++++++++++++++++++++
[    8.561067] cloud-init[654]: ci-info: +--------+-------+----------------------------+---------------+--------+-------------------+
[    8.562623] cloud-init[654]: ci-info: | Device |   Up  |          Address           |      Mask     | Scope  |     Hw-Address    |
[    8.565946] cloud-init[654]: ci-info: +--------+-------+----------------------------+---------------+--------+-------------------+
[    8.567955] cloud-init[654]: ci-info: | enp0s3 |  True |         10.0.2.15          | 255.255.255.0 | global | 02:7d:29:b6:4b:3c |
[    8.572485] cloud-init[654]: ci-info: | enp0s3 |  True | fe80::7d:29ff:feb6:4b3c/64 |       .       |  link  | 02:7d:29:b6:4b:3c |
[    8.577258] cloud-init[654]: ci-info: | enp0s8 | False |             .              |       .       |   .    | 08:00:27:6c:1c:3d |
[    8.583846] cloud-init[654]: ci-info: | enp0s9 | False |             .              |       .       |   .    | 08:00:27:eb:27:74 |
[    8.585870] cloud-init[654]: ci-info: |   lo   |  True |         127.0.0.1          |   255.0.0.0   |  host  |         .         |
[    8.590071] cloud-init[654]: ci-info: |   lo   |  True |          ::1/128           |       .       |  host  |         .         |
[    8.592291] cloud-init[654]: ci-info: +--------+-------+----------------------------+---------------+--------+-------------------+
[    8.594969] cloud-init[654]: ci-info: ++++++++++++++++++++++++++++Route IPv4 info+++++++++++++++++++++++++++++
[    8.595989] cloud-init[654]: ci-info: +-------+-------------+----------+-----------------+-----------+-------+
[    8.598178] cloud-init[654]: ci-info: | Route | Destination | Gateway  |     Genmask     | Interface | Flags |
[    8.599446] cloud-init[654]: ci-info: +-------+-------------+----------+-----------------+-----------+-------+
[    8.602933] cloud-init[654]: ci-info: |   0   |   0.0.0.0   | 10.0.2.2 |     0.0.0.0     |   enp0s3  |   UG  |
[    8.612590] cloud-init[654]: ci-info: |   1   |   10.0.2.0  | 0.0.0.0  |  255.255.255.0  |   enp0s3  |   U   |
[    8.614174] cloud-init[654]: ci-info: |   2   |   10.0.2.2  | 0.0.0.0  | 255.255.255.255 |   enp0s3  |   UH  |
[    8.615422] cloud-init[654]: ci-info: +-------+-------------+----------+-----------------+-----------+-------+
[    8.618065] cloud-init[654]: ci-info: +++++++++++++++++++Route IPv6 info+++++++++++++++++++
[    8.620666] cloud-init[654]: ci-info: +-------+-------------+---------+-----------+-------+
[    8.622071] cloud-init[654]: ci-info: | Route | Destination | Gateway | Interface | Flags |
[    8.623735] cloud-init[654]: ci-info: +-------+-------------+---------+-----------+-------+
[    8.625744] cloud-init[654]: ci-info: |   1   |  fe80::/64  |    ::   |   enp0s3  |   U   |
[    8.628064] cloud-init[654]: ci-info: |   3   |    local    |    ::   |   enp0s3  |   U   |
[    8.633386] cloud-init[654]: ci-info: |   4   |   ff00::/8  |    ::   |   enp0s3  |   U   |
[    8.636131] cloud-init[654]: ci-info: +-------+-------------+---------+-----------+-------+
[    9.077015] cloud-init[654]: Generating public/private rsa key pair.
[    9.090782] cloud-init[654]: Your identification has been saved in /etc/ssh/ssh_host_rsa_key.
[    9.100809] cloud-init[654]: Your public key has been saved in /etc/ssh/ssh_host_rsa_key.pub.
[[0;32m  OK  [0m] Started Initial cloud-init job (metadata service crawler).
[[0;32m  OK  [0m] Reached target Cloud-config availability.
[[0;32m  OK  [0m] Reached target System Initialization.
         Starting Socket activation for snappy daemon.
[[0;32m  OK  [0m] Listening on UUID daemon activation socket.
         Starting LXD - unix socket.
[[0;32m  OK  [0m] Listening on ACPID Listen Socket.
[    9.115810] cloud-init[654]: The key fingerprint is:
[[0;32m  OK  [0m] Started ACPI Events Check.
[[0;32m  OK  [0m] Started Daily apt download activities.
[[0;32m  OK  [0m] Started Daily apt upgrade and clean activities.
[[0;32m  OK  [0m] Started Daily Cleanup of Temporary Directories.
[    9.188318] cloud-init[654]: SHA256:xf0KVipRp6BAfzXFPUEfURV7mOsH3+bOtLli/ePKwv0 root@ubuntu-bionic
[    9.214513] cloud-init[654]: The key's randomart image is:
[    9.224760] cloud-init[654]: +---[RSA 2048]----+
[    9.225613] cloud-init[654]: |   .o   . +oooo=B|
[    9.236700] cloud-init[654]: |     o . = =. o+o|
[[0;32m  OK  [0m] Started Discard unused blocks once a week.
[[0;32m  OK  [0m] Started Message of the Day.
[[0;32m  OK  [0m] Reached target Timers.
[[0;32m  OK  [0m] Listening on Open-iSCSI iscsid Socket.
[    9.250532] cloud-init[654]: |      o o + o ooo|
[    9.285849] cloud-init[654]: |       . o o . ..|
[    9.296786] cloud-init[654]: |        S +   +  |
[    9.308614] cloud-init[654]: |         o . o o.|
[[0;32m  OK  [0m] Listening on D-Bus System Message Bus Socket.
[[0;32m  OK  [0m] Reached target Paths.
[[0;32m  OK  [0m] Reached target Network is Online.
[    9.322459] cloud-init[654]: |          . o o *|
[    9.345881] cloud-init[654]: |           o.+ Oo|
[    9.346818] cloud-init[654]: |            oo=EO|
[    9.347749] cloud-init[[0;32m  OK  [0m] Reached target Remote File Systems (Pre).
[[0;32m  OK  [0m] Reached target Remote File Systems.
[654]: +----[SHA256]-----+
         Starting Availability of block devices...
[    9.351834] cloud-init[654]: Generating public/private dsa key pair.
[[0;32m  OK  [0m] Listening on Socket activation for snappy daemon.
[    9.354252] cloud-init[654]: Your identification has been saved in /etc/ssh/ssh_host_dsa_key.
[[0;32m  OK  [0m] Listening on LXD - unix socket.
[[0;32m  OK  [0m] Reached target Sockets.
[[0;32m  OK  [0m] Reached target Basic System.
         Starting LSB: automatic crash report generation...
[    9.364867] cloud-init[654]: Your public key has been saved in /etc/ssh/ssh_host_dsa_key.pub.
         Starting Login Service...
         Starting LXD - container startup/shutdown...
[[0;32m  OK  [0m] Started D-Bus System Message Bus.
[    9.380016] cloud-init[654]: The key fingerprint is:
[    9.384521] cloud-init[654]: SHA256:pYlxxwQBHKAgVolvYr0lVgo7monFx2FsAW2VNj1lcyw root@ubuntu-bionic
[    9.390533] cloud-init[654]: The key's randomart image is:
[    9.400570] cloud-init[654]: +---[DSA 1024]----+
[    9.402195] cloud-init[654]: |o.+=+=+=o+=..    |
[    9.403240] cloud-init[654]: |o+ oB.= o+Eo.    |
[    9.404890] cloud-init[654]: | .*=oo....+.     |
[    9.407256] cloud-init[654]: | =oBo. + =       |
[    9.410064] cloud-init[654]: |++=.+ . S        |
[    9.413724] cloud-init[654]: |=  .             |
[    9.419908] cloud-init[654]: |                 |
[    9.423077] cloud-init[654]: |                 |
[    9.426113]          Starting Permit User Sessions...
         Starting LSB: Record successful boot for GRUB...
cloud-init[654]: |                 |
[    9.436175] cloud-init[654]: +----[SHA256]-----+
[    9.436909] cloud-init[654]: Generating public/private ecdsa key pair.
[    9.438601] cloud-init[654]: Your identification has been saved in /etc/ssh/ssh_host_ecdsa_key.
[    9.440332] cloud-init[654]: Your public key has been saved in /etc/ssh/ssh_host_ecdsa_key.pub.
[    9.444760] cloud-init[654]: The key fingerprint is:
[    9.446460] cloud-init[654]: SHA256:ZxO5TfXz3IxJrdK+tOnZ4a8hrLBtRQp9Xz8+WsLvSrM root@ubuntu-bionic
[    9.447095] cloud-init[654]: The key's randomart image is:
[    9.447580] cloud-init[654]: +---[ECDSA 256]---+
[    9.448560] cloud-init[654]: |              .  |
[    9.450582] cloud-init[654]: |           . . o |
[    9.451809]          Starting Dispatcher daemon for systemd-networkd...
[[0;32m  OK  [0m] Started FUSE filesystem for LXC.
         Starting Pollinate to seed the pseudo random number generator...
         Starting Virtualbox guest utils...
[[0;32m  OK  [0m] Started Regular background program processing daemon.
         Starting Accounts Service...
cloud-init[654]: |         .o . ..o|
[    9.467328] cloud-init[[0;32m  OK  [0m] Started Deferred execution scheduler.
[654]: |        . .=oo *=|
[    9.484137] cloud-init[654]: |        S.=+o.=.*|
[[0;32m  OK  [0m] Started irqbalance daemon.
[    9.499986] cloud-init[654]: |         o.ooo...|
[    9.501504] cloud-init[654]: |        .  .o==o.|
         Starting System Logging Service...
[    9.506853] cloud-init[654]: |         +...oBX.|
[    9.529244] cloud-init[654]: |        ..o  E@==|
[    9.530561] cloud-init[654]: +----[SHA256]-----+
[    9.533616] cloud-init[654]: Generating public/private ed25519 key pair.
[    9.539858] cloud-init[654]: Your identification has been saved in /etc/ssh/ssh_host_ed25519_key.
[    9.542806] cloud-init[654]: Your public key has been saved in /etc/ssh/ssh_host_ed25519_key.pub.
[    9.545896] cloud-init[654]: The key fingerprint is:
[    9.547370] cloud-init[654]: SHA256:mmyIZglk6XsR2BDEMwMxt+nAFXjvn93Y1579zq2n7X0 root@ubuntu-bionic
[    9.549400] cloud-init[654]: The key's randomart image is:
[    9.554609] cloud-init[654]: +--[ED25519 256]--+
[    9.560248] cloud-init[654]: |B=+o.            |
[    9.560844] cloud-init[654]: |.O*+             |
         [    9.576493] cloud-init[654]: |.*Bo.            |
[    9.576623] cloud-init[654]: |+o  ..           |
[    9.576712] cloud-init[654]: |.....   S        |
[    9.576793] cloud-init[654]: | ..o.+ o         |
[    9.576873] cloud-init[654]: | .=.. * o +   .  |
[    9.576952] cloud-init[654]: | o.  . o o o . +E|
[    9.578945] cloud-init[654]: |            . +O%|
[    9.579405] cloud-init[654]: +----[SHA256]-----+
Starting Snap Daemon...
[[0;32m  OK  [0m] Started System Logging Service.
[[0;32m  OK  [0m] Started Availability of block devices.
[[0;32m  OK  [0m] Started LXD - container startup/shutdown.
[[0;32m  OK  [0m] Started Permit User Sessions.
[[0;32m  OK  [0m] Started Login Service.
[[0;32m  OK  [0m] Started Unattended Upgrades Shutdown.
         Starting Hold until boot process finishes up...
         Starting Terminate Plymouth Boot Screen...
[[0;32m  OK  [0m] Started Hold until boot process finishes up.
[[0;32m  OK  [0m] Started Terminate Plymouth Boot Screen.
         Starting Authorization Manager...
         Starting Set console scheme...
[[0;32m  OK  [0m] Started Serial Getty on ttyS0.
[[0;32m  OK  [0m] Started LSB: automatic crash report generation.
[[0;32m  OK  [0m] Started Set console scheme.
[[0;32m  OK  [0m] Created slice system-getty.slice.
[[0;32m  OK  [0m] Started Getty on tty1.
[[0;32m  OK  [0m] Reached target Login Prompts.
[[0;32m  OK  [0m] Started LSB: Record successful boot for GRUB.
[[0;32m  OK  [0m] Started Authorization Manager.
[[0;32m  OK  [0m] Started Accounts Service.
[[0;32m  OK  [0m] Started Virtualbox guest utils.
[[0;32m  OK  [0m] Started Dispatcher daemon for systemd-networkd.
[[0;32m  OK  [0m] Started Snap Daemon.
         Starting Wait until snapd is fully seeded...
[[0;32m  OK  [0m] Started Pollinate to seed the pseudo random number generator.
         Starting OpenBSD Secure Shell server...
[[0;32m  OK  [0m] Started OpenBSD Secure Shell server.
[[0;32m  OK  [0m] Started Wait until snapd is fully seeded.
         Starting Apply the settings specified in cloud-config...
[[0;32m  OK  [0m] Reached target Multi-User System.
[[0;32m  OK  [0m] Reached target Graphical Interface.
         Starting Update UTMP about System Runlevel Changes...
[[0;32m  OK  [0m] Started Update UTMP about System Runlevel Changes.
[[0;32m  OK  [0m] Created slice User Slice of vagrant.
         Starting User Manager for UID 1000...
[[0;32m  OK  [0m] Started Session 1 of user vagrant.
[[0;32m  OK  [0m] Started User Manager for UID 1000.
[   12.503403] cloud-init[1025]: Cloud-init v. 20.3-2-g371b392c-0ubuntu1~18.04.1 running 'modules:config' at Tue, 13 Oct 2020 18:57:39 +0000. Up 12.04 seconds.
[[0;32m  OK  [0m] Started Apply the settings specified in cloud-config.
         Starting Execute cloud user/final scripts...
ci-info: no authorized SSH keys fingerprints found for user ubuntu.
<14>Oct 13 18:57:41 ec2: 
<14>Oct 13 18:57:41 ec2: #############################################################
<14>Oct 13 18:57:41 ec2: -----BEGIN SSH HOST KEY FINGERPRINTS-----
<14>Oct 13 18:57:41 ec2: 1024 SHA256:pYlxxwQBHKAgVolvYr0lVgo7monFx2FsAW2VNj1lcyw root@ubuntu-bionic (DSA)
<14>Oct 13 18:57:41 ec2: 256 SHA256:ZxO5TfXz3IxJrdK+tOnZ4a8hrLBtRQp9Xz8+WsLvSrM root@ubuntu-bionic (ECDSA)
<14>Oct 13 18:57:41 ec2: 256 SHA256:mmyIZglk6XsR2BDEMwMxt+nAFXjvn93Y1579zq2n7X0 root@ubuntu-bionic (ED25519)
<14>Oct 13 18:57:41 ec2: 2048 SHA256:xf0KVipRp6BAfzXFPUEfURV7mOsH3+bOtLli/ePKwv0 root@ubuntu-bionic (RSA)
<14>Oct 13 18:57:41 ec2: -----END SSH HOST KEY FINGERPRINTS-----
<14>Oct 13 18:57:41 ec2: #############################################################
-----BEGIN SSH HOST KEY KEYS-----
ecdsa-sha2-nistp256 AAAAE2VjZHNhLXNoYTItbmlzdHAyNTYAAAAIbmlzdHAyNTYAAABBBKe/FHtru3FuXTru4z22Uxk9iegcQ99nu66Vci4ZcM2lCJK7zvWCSiYVDghSdLzdidpSvupOjXTSbHKKjGaXjWI= root@ubuntu-bionic
ssh-ed25519 AAAAC3NzaC1lZDI1NTE5AAAAIAlWCw3psj+rAZiN9wmllfVI6KlylHRRdSs0qb+irUC6 root@ubuntu-bionic
ssh-rsa AAAAB3NzaC1yc2EAAAADAQABAAABAQDATmN80Loi2ZM4sY6m5q4VGYuFv0riUUj5EJaXpslfHMINMkIiPAEUt3c3Yk5S4ArVGbWVnMjehvM6COYsW5eaeKMPJV9/o1R0RB7XDcBzjt+/cNFcB1YxQDc+pk8XzULN25oGt0tZzoYk49QqazhwKo+NtxxWwJaoo8fV+8P2hFmBMxybmtYn3nZE2piXu2ZT5im4d/FHuDzZJ8fyjUwPYr7Z1jFAy/kxOoWQyXWYGaZGyJ6CF/F7mt/FYRBRkvrKkJv4vNiS+lhZpbrf/ZQM6OcIhOriAEEBtwo2FtojptTafS/193fhniizxjN3Xk2S/fPdWy4lh8aQEPpEIo/3 root@ubuntu-bionic
-----END SSH HOST KEY KEYS-----
[   13.360443] cloud-init[1130]: Cloud-init v. 20.3-2-g371b392c-0ubuntu1~18.04.1 running 'modules:final' at Tue, 13 Oct 2020 18:57:40 +0000. Up 13.07 seconds.
[   13.378090] cloud-init[1130]: ci-info: no authorized SSH keys fingerprints found for user ubuntu.
[   13.379629] cloud-init[1130]: Cloud-init v. 20.3-2-g371b392c-0ubuntu1~18.04.1 finished at Tue, 13 Oct 2020 18:57:41 +0000. Datasource DataSourceNoCloud [seed=/dev/sdb][dsmode=net].  Up 13.35 seconds
[[0;32m  OK  [0m] Started Execute cloud user/final scripts.
[[0;32m  OK  [0m] Reached target Cloud-init target.

Ubuntu 18.04.5 LTS ubuntu-bionic ttyS0

ubuntu-bionic login: [[0;32m  OK  [0m] Stopped target Graphical Interface.
[[0;32m  OK  [0m] Stopped target Host and Network Name Lookups.
         Stopping Accounts Service...
         Stopping Availability of block devices...
[[0;32m  OK  [0m] Closed Load/Save RF Kill Switch Status /dev/rfkill Watch.
[[0;32m  OK  [0m] Stopped target Cloud-init target.
[[0;32m  OK  [0m] Stopped Execute cloud user/final scripts.
[[0;32m  OK  [0m] Stopped Apply the settings specified in cloud-config.
[[0;32m  OK  [0m] Stopped target Multi-User System.
         Stopping LSB: automatic crash report generation...
         Stopping LSB: Record successful boot for GRUB...
         Stopping System Logging Service...
         Stopping Dispatcher daemon for systemd-networkd...
         Stopping Unattended Upgrades Shutdown...
         Stopping D-Bus System Message Bus...
         Stopping LXD - container startup/shutdown...
[[0;32m  OK  [0m] Stopped target Cloud-config availability.
         Stopping Deferred execution scheduler...
         Stopping User Manager for UID 1000...
[[0;32m  OK  [0m] Stopped target Timers.
[[0;32m  OK  [0m] Stopped Daily apt upgrade and clean activities.
[[0;32m  OK  [0m] Stopped Daily Cleanup of Temporary Directories.
[[0;32m  OK  [0m] Stopped Message of the Day.
[[0;32m  OK  [0m] Stopped Wait until snapd is fully seeded.
[[0;32m  OK  [0m] Stopped target Login Prompts.
         Stopping Serial Getty on ttyS0...
         Stopping Getty on tty1...
         Stopping Regular background program processing daemon...
         Stopping Session 3 of user vagrant.
         Stopping OpenBSD Secure Shell server...
[[0;32m  OK  [0m] Stopped Daily apt download activities.
         Stopping Authorization Manager...
         Stopping FUSE filesystem for LXC...
         Stopping Virtualbox guest utils...
[[0;32m  OK  [0m] Stopped Discard unused blocks once a week.
[[0;32m  OK  [0m] Stopped target System Time Synchronized.
[[0;32m  OK  [0m] Stopped target Network is Online.
[[0;32m  OK  [0m] Unmounted /var/lib/lxcfs.
[[0;32m  OK  [0m] Stopped Dispatcher daemon for systemd-networkd.
[[0;32m  OK  [0m] Stopped Regular background program processing daemon.
[[0;32m  OK  [0m] Stopped Accounts Service.
[[0;32m  OK  [0m] Stopped Deferred execution scheduler.
[[0;32m  OK  [0m] Stopped System Logging Service.
[[0;32m  OK  [0m] Stopped Authorization Manager.
[[0;32m  OK  [0m] Stopped Serial Getty on ttyS0.
[[0;32m  OK  [0m] Stopped Getty on tty1.
[[0;32m  OK  [0m] Stopped Unattended Upgrades Shutdown.
[[0;32m  OK  [0m] Stopped OpenBSD Secure Shell server.
[[0;32m  OK  [0m] Stopped User Manager for UID 1000.
[[0;32m  OK  [0m] Stopped Availability of block devices.
[[0;32m  OK  [0m] Stopped D-Bus System Message Bus.
[[0;32m  OK  [0m] Stopped FUSE filesystem for LXC.
[[0;32m  OK  [0m] Stopped Session 3 of user vagrant.
[[0;32m  OK  [0m] Removed slice User Slice of vagrant.
         Stopping Login Service...
[[0;32m  OK  [0m] Removed slice system-getty.slice.
         Stopping Permit User Sessions...
[[0;32m  OK  [0m] Removed slice system-serial\x2dgetty.slice.
[[0;32m  OK  [0m] Stopped Login Service.
[[0;32m  OK  [0m] Stopped LXD - container startup/shutdown.
[[0;32m  OK  [0m] Stopped Virtualbox guest utils.
[[0;32m  OK  [0m] Stopped Permit User Sessions.
[[0;32m  OK  [0m] Stopped target Network.
         Stopping Network Name Resolution...
[[0;32m  OK  [0m] Stopped target User and Group Name Lookups.
[[0;32m  OK  [0m] Stopped Network Name Resolution.
[[0;32m  OK  [0m] Stopped LSB: Record successful boot for GRUB.
[[0;32m  OK  [0m] Stopped LSB: automatic crash report generation.
[[0;32m  OK  [0m] Stopped target Remote File Systems.
[[0;32m  OK  [0m] Stopped target Remote File Systems (Pre).
[[0;32m  OK  [0m] Stopped target Basic System.
[[0;32m  OK  [0m] Stopped target Slices.
[[0;32m  OK  [0m] Removed slice User and Session Slice.
[[0;32m  OK  [0m] Stopped target Paths.
[[0;32m  OK  [0m] Stopped ACPI Events Check.
[[0;32m  OK  [0m] Stopped target Sockets.
[[0;32m  OK  [0m] Closed LXD - unix socket.
[[0;32m  OK  [0m] Closed ACPID Listen Socket.
[[0;32m  OK  [0m] Closed UUID daemon activation socket.
[[0;32m  OK  [0m] Closed D-Bus System Message Bus Socket.
[[0;32m  OK  [0m] Closed Socket activation for snappy daemon.
[[0;32m  OK  [0m] Closed Syslog Socket.
[[0;32m  OK  [0m] Closed Open-iSCSI iscsid Socket.
[[0;32m  OK  [0m] Stopped target System Initialization.
[[0;32m  OK  [0m] Stopped target Local Encrypted Volumes.
[[0;32m  OK  [0m] Stopped Forward Password Requests to Wall Directory Watch.
[[0;32m  OK  [0m] Stopped Dispatch Password Requests to Console Directory Watch.
[[0;32m  OK  [0m] Stopped Initial cloud-init job (metadata service crawler).
[[0;32m  OK  [0m] Stopped Wait for Network to be Configured.
         Stopping Network Service...
[[0;32m  OK  [0m] Stopped Commit a transient machine-id on disk.
         Stopping Load/Save Random Seed...
         Stopping Update UTMP about System Boot/Shutdown...
[[0;32m  OK  [0m] Stopped Network Service.
[[0;32m  OK  [0m] Stopped Load/Save Random Seed.
[[0;32m  OK  [0m] Stopped target Network (Pre).
[[0;32m  OK  [0m] Stopped Initial cloud-init job (pre-networking).
[[0;32m  OK  [0m] Stopped Apply Kernel Variables.
[[0;32m  OK  [0m] Stopped Load Kernel Modules.
[[0;32m  OK  [0m] Stopped Update UTMP about System Boot/Shutdown.
[[0;32m  OK  [0m] Stopped Create Volatile Files and Directories.
[[0;32m  OK  [0m] Stopped target Local File Systems.
         Unmounting /run/user/1000...
         Unmounting /vagrant...
[[0;32m  OK  [0m] Unmounted /run/user/1000.
[[0;32m  OK  [0m] Unmounted /vagrant.
[[0;32m  OK  [0m] Reached target Unmount All Filesystems.
[[0;32m  OK  [0m] Stopped target Swap.
[[0;32m  OK  [0m] Stopped target Local File Systems (Pre).
[[0;32m  OK  [0m] Stopped Create Static Device Nodes in /dev.
         Stopping Monitoring of LVM2 mirrors…ng dmeventd or progress polling...
[[0;32m  OK  [0m] Stopped Remount Root and Kernel File Systems.
[[0;32m  OK  [0m] Reached target Shutdown.
[[0;32m  OK  [0m] Reached target Final Step.
         Starting Reboot...
[[0;32m  OK  [0m] Stopped Monitoring of LVM2 mirrors,…sing dmeventd or progress polling.
         Stopping LVM2 metadata daemon...
[[0;32m  OK  [0m] Stopped LVM2 metadata daemon.
[   66.437314] reboot: Restarting system
[    0.000000] Linux version 4.15.0-118-generic (buildd@lgw01-amd64-039) (gcc version 7.5.0 (Ubuntu 7.5.0-3ubuntu1~18.04)) #119-Ubuntu SMP Tue Sep 8 12:30:01 UTC 2020 (Ubuntu 4.15.0-118.119-generic 4.15.18)
[    0.000000] Command line: BOOT_IMAGE=/boot/vmlinuz-4.15.0-118-generic root=UUID=14169865-3153-4713-8df9-211727602ff8 ro net.ifnames=0 biosdevname=0 console=tty1 console=ttyS0
[    0.000000] KERNEL supported cpus:
[    0.000000]   Intel GenuineIntel
[    0.000000]   AMD AuthenticAMD
[    0.000000]   Centaur CentaurHauls
[    0.000000] x86/fpu: Supporting XSAVE feature 0x001: 'x87 floating point registers'
[    0.000000] x86/fpu: Supporting XSAVE feature 0x002: 'SSE registers'
[    0.000000] x86/fpu: Supporting XSAVE feature 0x004: 'AVX registers'
[    0.000000] x86/fpu: xstate_offset[2]:  576, xstate_sizes[2]:  256
[    0.000000] x86/fpu: Enabled xstate features 0x7, context size is 832 bytes, using 'standard' format.
[    0.000000] e820: BIOS-provided physical RAM map:
[    0.000000] BIOS-e820: [mem 0x0000000000000000-0x000000000009fbff] usable
[    0.000000] BIOS-e820: [mem 0x000000000009fc00-0x000000000009ffff] reserved
[    0.000000] BIOS-e820: [mem 0x00000000000f0000-0x00000000000fffff] reserved
[    0.000000] BIOS-e820: [mem 0x0000000000100000-0x000000007ffeffff] usable
[    0.000000] BIOS-e820: [mem 0x000000007fff0000-0x000000007fffffff] ACPI data
[    0.000000] BIOS-e820: [mem 0x00000000fec00000-0x00000000fec00fff] reserved
[    0.000000] BIOS-e820: [mem 0x00000000fee00000-0x00000000fee00fff] reserved
[    0.000000] BIOS-e820: [mem 0x00000000fffc0000-0x00000000ffffffff] reserved
[    0.000000] NX (Execute Disable) protection: active
[    0.000000] SMBIOS 2.5 present.
[    0.000000] DMI: innotek GmbH VirtualBox/VirtualBox, BIOS VirtualBox 12/01/2006
[    0.000000] Hypervisor detected: KVM
[    0.000000] e820: last_pfn = 0x7fff0 max_arch_pfn = 0x400000000
[    0.000000] MTRR: Disabled
[    0.000000] x86/PAT: MTRRs disabled, skipping PAT initialization too.
[    0.000000] CPU MTRRs all blank - virtualized system.
[    0.000000] x86/PAT: Configuration [0-7]: WB  WT  UC- UC  WB  WT  UC- UC  
[    0.000000] found SMP MP-table at [mem 0x0009fff0-0x0009ffff]
[    0.000000] Scanning 1 areas for low memory corruption
[    0.000000] RAMDISK: [mem 0x35a65000-0x36d29fff]
[    0.000000] ACPI: Early table checksum verification disabled
[    0.000000] ACPI: RSDP 0x00000000000E0000 000024 (v02 VBOX  )
[    0.000000] ACPI: XSDT 0x000000007FFF0030 00003C (v01 VBOX   VBOXXSDT 00000001 ASL  00000061)
[    0.000000] ACPI: FACP 0x000000007FFF00F0 0000F4 (v04 VBOX   VBOXFACP 00000001 ASL  00000061)
[    0.000000] ACPI: DSDT 0x000000007FFF0470 002325 (v02 VBOX   VBOXBIOS 00000002 INTL 20100528)
[    0.000000] ACPI: FACS 0x000000007FFF0200 000040
[    0.000000] ACPI: FACS 0x000000007FFF0200 000040
[    0.000000] ACPI: APIC 0x000000007FFF0240 000054 (v02 VBOX   VBOXAPIC 00000001 ASL  00000061)
[    0.000000] ACPI: SSDT 0x000000007FFF02A0 0001CC (v01 VBOX   VBOXCPUT 00000002 INTL 20100528)
[    0.000000] No NUMA configuration found
[    0.000000] Faking a node at [mem 0x0000000000000000-0x000000007ffeffff]
[    0.000000] NODE_DATA(0) allocated [mem 0x7ffc5000-0x7ffeffff]
[    0.000000] kvm-clock: cpu 0, msr 0:7ff44001, primary cpu clock
[    0.000000] kvm-clock: Using msrs 4b564d01 and 4b564d00
[    0.000000] kvm-clock: using sched offset of 73834012346 cycles
[    0.000000] clocksource: kvm-clock: mask: 0xffffffffffffffff max_cycles: 0x1cd42e4dffb, max_idle_ns: 881590591483 ns
[    0.000000] Zone ranges:
[    0.000000]   DMA      [mem 0x0000000000001000-0x0000000000ffffff]
[    0.000000]   DMA32    [mem 0x0000000001000000-0x000000007ffeffff]
[    0.000000]   Normal   empty
[    0.000000]   Device   empty
[    0.000000] Movable zone start for each node
[    0.000000] Early memory node ranges
[    0.000000]   node   0: [mem 0x0000000000001000-0x000000000009efff]
[    0.000000]   node   0: [mem 0x0000000000100000-0x000000007ffeffff]
[    0.000000] Reserved but unavailable: 98 pages
[    0.000000] Initmem setup node 0 [mem 0x0000000000001000-0x000000007ffeffff]
[    0.000000] ACPI: PM-Timer IO Port: 0x4008
[    0.000000] IOAPIC[0]: apic_id 1, version 32, address 0xfec00000, GSI 0-23
[    0.000000] ACPI: INT_SRC_OVR (bus 0 bus_irq 0 global_irq 2 dfl dfl)
[    0.000000] ACPI: INT_SRC_OVR (bus 0 bus_irq 9 global_irq 9 low level)
[    0.000000] Using ACPI (MADT) for SMP configuration information
[    0.000000] smpboot: Allowing 1 CPUs, 0 hotplug CPUs
[    0.000000] PM: Registered nosave memory: [mem 0x00000000-0x00000fff]
[    0.000000] PM: Registered nosave memory: [mem 0x0009f000-0x0009ffff]
[    0.000000] PM: Registered nosave memory: [mem 0x000a0000-0x000effff]
[    0.000000] PM: Registered nosave memory: [mem 0x000f0000-0x000fffff]
[    0.000000] e820: [mem 0x80000000-0xfebfffff] available for PCI devices
[    0.000000] Booting paravirtualized kernel on KVM
[    0.000000] clocksource: refined-jiffies: mask: 0xffffffff max_cycles: 0xffffffff, max_idle_ns: 7645519600211568 ns
[    0.000000] random: get_random_bytes called from start_kernel+0x99/0x500 with crng_init=0
[    0.000000] setup_percpu: NR_CPUS:8192 nr_cpumask_bits:1 nr_cpu_ids:1 nr_node_ids:1
[    0.000000] percpu: Embedded 45 pages/cpu s147456 r8192 d28672 u2097152
[    0.000000] PV qspinlock hash table entries: 256 (order: 0, 4096 bytes)
[    0.000000] Built 1 zonelists, mobility grouping on.  Total pages: 515961
[    0.000000] Policy zone: DMA32
[    0.000000] Kernel command line: BOOT_IMAGE=/boot/vmlinuz-4.15.0-118-generic root=UUID=14169865-3153-4713-8df9-211727602ff8 ro net.ifnames=0 biosdevname=0 console=tty1 console=ttyS0
[    0.000000] Memory: 2015400K/2096696K available (12300K kernel code, 2482K rwdata, 4272K rodata, 2436K init, 2724K bss, 81296K reserved, 0K cma-reserved)
[    0.000000] SLUB: HWalign=64, Order=0-3, MinObjects=0, CPUs=1, Nodes=1
[    0.000000] Kernel/User page tables isolation: enabled
[    0.000000] ftrace: allocating 39396 entries in 154 pages
[    0.004000] Hierarchical RCU implementation.
[    0.004000] 	RCU restricting CPUs from NR_CPUS=8192 to nr_cpu_ids=1.
[    0.004000] 	Tasks RCU enabled.
[    0.004000] RCU: Adjusting geometry for rcu_fanout_leaf=16, nr_cpu_ids=1
[    0.004000] NR_IRQS: 524544, nr_irqs: 256, preallocated irqs: 16
[    0.004000] Console: colour VGA+ 80x25
[    0.004000] console [tty1] enabled
[    0.004000] console [ttyS0] enabled
[    0.004000] ACPI: Core revision 20170831
[    0.004000] ACPI: 2 ACPI AML tables successfully acquired and loaded
[    0.004000] APIC: Switch to symmetric I/O mode setup
[    0.004000] x2apic enabled
[    0.004000] Switched APIC routing to physical x2apic.
[    0.004000] ..TIMER: vector=0x30 apic1=0 pin1=2 apic2=-1 pin2=-1
[    0.004002] tsc: Detected 2303.998 MHz processor
[    0.005363] Calibrating delay loop (skipped) preset value.. 4607.99 BogoMIPS (lpj=9215992)
[    0.005417] pid_max: default: 32768 minimum: 301
[    0.006132] Security Framework initialized
[    0.008002] Yama: becoming mindful.
[    0.008564] AppArmor: AppArmor initialized
[    0.009549] Dentry cache hash table entries: 262144 (order: 9, 2097152 bytes)
[    0.010888] Inode-cache hash table entries: 131072 (order: 8, 1048576 bytes)
[    0.012009] Mount-cache hash table entries: 4096 (order: 3, 32768 bytes)
[    0.012976] Mountpoint-cache hash table entries: 4096 (order: 3, 32768 bytes)
[    0.014170] process: using mwait in idle threads
[    0.014858] Last level iTLB entries: 4KB 64, 2MB 8, 4MB 8
[    0.016001] Last level dTLB entries: 4KB 64, 2MB 0, 4MB 0, 1GB 4
[    0.016870] Spectre V1 : Mitigation: usercopy/swapgs barriers and __user pointer sanitization
[    0.018147] Spectre V2 : Mitigation: Full generic retpoline
[    0.018952] Spectre V2 : Spectre v2 / SpectreRSB mitigation: Filling RSB on context switch
[    0.020001] Speculative Store Bypass: Vulnerable
[    0.020711] SRBDS: Unknown: Dependent on hypervisor status
[    0.021508] MDS: Mitigation: Clear CPU buffers
[    0.032581] Freeing SMP alternatives memory: 36K
[    0.143953] smpboot: CPU0: Intel(R) Core(TM) i9-9880H CPU @ 2.30GHz (family: 0x6, model: 0x9e, stepping: 0xd)
[    0.144000] Performance Events: unsupported p6 CPU model 158 no PMU driver, software events only.
[    0.144022] Hierarchical SRCU implementation.
[    0.145194] NMI watchdog: Perf event create on CPU 0 failed with -2
[    0.146108] NMI watchdog: Perf NMI watchdog permanently disabled
[    0.147046] smp: Bringing up secondary CPUs ...
[    0.147731] smp: Brought up 1 node, 1 CPU
[    0.148001] smpboot: Max logical packages: 1
[    0.148647] smpboot: Total of 1 processors activated (4607.99 BogoMIPS)
[    0.149809] devtmpfs: initialized
[    0.150627] x86/mm: Memory block size: 128MB
[    0.151448] evm: security.selinux
[    0.152003] evm: security.SMACK64
[    0.152613] evm: security.SMACK64EXEC
[    0.153174] evm: security.SMACK64TRANSMUTE
[    0.153793] evm: security.SMACK64MMAP
[    0.154516] evm: security.apparmor
[    0.155041] evm: security.ima
[    0.155508] evm: security.capability
[    0.156070] clocksource: jiffies: mask: 0xffffffff max_cycles: 0xffffffff, max_idle_ns: 7645041785100000 ns
[    0.157497] futex hash table entries: 256 (order: 2, 16384 bytes)
[    0.158413] pinctrl core: initialized pinctrl subsystem
[    0.159475] RTC time: 18:58:38, date: 10/13/20
[    0.160059] NET: Registered protocol family 16
[    0.161481] audit: initializing netlink subsys (disabled)
[    0.162350] cpuidle: using governor ladder
[    0.162972] cpuidle: using governor menu
[    0.164031] ACPI: bus type PCI registered
[    0.164671] acpiphp: ACPI Hot Plug PCI Controller Driver version: 0.5
[    0.165674] PCI: Using configuration type 1 for base access
[    0.166519] audit: type=2000 audit(1602615593.703:1): state=initialized audit_enabled=0 res=1
[    0.168184] HugeTLB registered 2.00 MiB page size, pre-allocated 0 pages
[    0.169273] ACPI: Added _OSI(Module Device)
[    0.169905] ACPI: Added _OSI(Processor Device)
[    0.170571] ACPI: Added _OSI(3.0 _SCP Extensions)
[    0.172002] ACPI: Added _OSI(Processor Aggregator Device)
[    0.172803] ACPI: Added _OSI(Linux-Dell-Video)
[    0.173472] ACPI: Added _OSI(Linux-Lenovo-NV-HDMI-Audio)
[    0.174254] ACPI: Added _OSI(Linux-HPI-Hybrid-Graphics)
[    0.175301] ACPI: Executed 1 blocks of module-level executable AML code
[    0.178282] ACPI: Interpreter enabled
[    0.178842] ACPI: (supports S0 S5)
[    0.179358] ACPI: Using IOAPIC for interrupt routing
[    0.180148] PCI: Using host bridge windows from ACPI; if necessary, use "pci=nocrs" and report a bug
[    0.182440] ACPI: Enabled 2 GPEs in block 00 to 07
[    0.188568] ACPI: PCI Root Bridge [PCI0] (domain 0000 [bus 00-ff])
[    0.189771] acpi PNP0A03:00: _OSC: OS supports [ASPM ClockPM Segments MSI]
[    0.191334] acpi PNP0A03:00: _OSC: not requesting OS control; OS requires [ExtendedConfig ASPM ClockPM MSI]
[    0.192010] acpi PNP0A03:00: fail to add MMCONFIG information, can't access extended PCI configuration space under this bridge.
[    0.196396] PCI host bridge to bus 0000:00
[    0.197023] pci_bus 0000:00: root bus resource [io  0x0000-0x0cf7 window]
[    0.198011] pci_bus 0000:00: root bus resource [io  0x0d00-0xffff window]
[    0.198997] pci_bus 0000:00: root bus resource [mem 0x000a0000-0x000bffff window]
[    0.200002] pci_bus 0000:00: root bus resource [mem 0x80000000-0xfdffffff window]
[    0.201152] pci_bus 0000:00: root bus resource [bus 00-ff]
[    0.205218] pci 0000:00:01.1: legacy IDE quirk: reg 0x10: [io  0x01f0-0x01f7]
[    0.207576] pci 0000:00:01.1: legacy IDE quirk: reg 0x14: [io  0x03f6]
[    0.208002] pci 0000:00:01.1: legacy IDE quirk: reg 0x18: [io  0x0170-0x0177]
[    0.209926] pci 0000:00:01.1: legacy IDE quirk: reg 0x1c: [io  0x0376]
[    0.223463] pci 0000:00:07.0: quirk: [io  0x4000-0x403f] claimed by PIIX4 ACPI
[    0.224019] pci 0000:00:07.0: quirk: [io  0x4100-0x410f] claimed by PIIX4 SMB
[    0.236927] ACPI: PCI Interrupt Link [LNKA] (IRQs 5 9 10 *11)
[    0.238354] ACPI: PCI Interrupt Link [LNKB] (IRQs 5 9 *10 11)
[    0.239299] ACPI: PCI Interrupt Link [LNKC] (IRQs 5 *9 10 11)
[    0.240080] ACPI: PCI Interrupt Link [LNKD] (IRQs 5 9 10 *11)
[    0.241165] SCSI subsystem initialized
[    0.241806] pci 0000:00:02.0: vgaarb: setting as boot VGA device
[    0.243362] pci 0000:00:02.0: vgaarb: VGA device added: decodes=io+mem,owns=io+mem,locks=none
[    0.244003] pci 0000:00:02.0: vgaarb: bridge control possible
[    0.244873] vgaarb: loaded
[    0.245337] ACPI: bus type USB registered
[    0.245977] usbcore: registered new interface driver usbfs
[    0.248010] usbcore: registered new interface driver hub
[    0.248827] usbcore: registered new device driver usb
[    0.249636] EDAC MC: Ver: 3.0.0
[    0.250437] PCI: Using ACPI for IRQ routing
[    0.252200] NetLabel: Initializing
[    0.253146] NetLabel:  domain hash size = 128
[    0.253990] NetLabel:  protocols = UNLABELED CIPSOv4 CALIPSO
[    0.255350] NetLabel:  unlabeled traffic allowed by default
[    0.256081] clocksource: Switched to clocksource kvm-clock
[    0.264251] VFS: Disk quotas dquot_6.6.0
[    0.265291] VFS: Dquot-cache hash table entries: 512 (order 0, 4096 bytes)
[    0.266326] AppArmor: AppArmor Filesystem Enabled
[    0.267037] pnp: PnP ACPI init
[    0.268635] pnp: PnP ACPI: found 3 devices
[    0.274368] clocksource: acpi_pm: mask: 0xffffff max_cycles: 0xffffff, max_idle_ns: 2085701024 ns
[    0.276827] NET: Registered protocol family 2
[    0.278058] TCP established hash table entries: 16384 (order: 5, 131072 bytes)
[    0.279134] TCP bind hash table entries: 16384 (order: 6, 262144 bytes)
[    0.280388] TCP: Hash tables configured (established 16384 bind 16384)
[    0.281718] UDP hash table entries: 1024 (order: 3, 32768 bytes)
[    0.282612] UDP-Lite hash table entries: 1024 (order: 3, 32768 bytes)
[    0.283815] NET: Registered protocol family 1
[    0.284974] pci 0000:00:00.0: Limiting direct PCI/PCI transfers
[    0.285879] pci 0000:00:01.0: Activating ISA DMA hang workarounds
[    0.286828] pci 0000:00:02.0: Video device with shadowed ROM at [mem 0x000c0000-0x000dffff]
[    0.288176] Unpacking initramfs...
[    0.485185] Freeing initrd memory: 19220K
[    0.490386] clocksource: tsc: mask: 0xffffffffffffffff max_cycles: 0x2135f5e6f15, max_idle_ns: 440795231538 ns
[    0.492435] platform rtc_cmos: registered platform RTC device (no PNP device found)
[    0.493695] Scanning for low memory corruption every 60 seconds
[    0.494965] Initialise system trusted keyrings
[    0.495953] Key type blacklist registered
[    0.496612] workingset: timestamp_bits=36 max_order=19 bucket_order=0
[    0.498481] zbud: loaded
[    0.499195] squashfs: version 4.0 (2009/01/31) Phillip Lougher
[    0.500129] fuse init (API version 7.26)
[    0.501229] Key type asymmetric registered
[    0.501856] Asymmetric key parser 'x509' registered
[    0.502629] Block layer SCSI generic (bsg) driver version 0.4 loaded (major 246)
[    0.503743] io scheduler noop registered
[    0.504367] io scheduler deadline registered
[    0.505013] io scheduler cfq registered (default)
[    0.506094] ACPI: AC Adapter [AC] (on-line)
[    0.506780] input: Power Button as /devices/LNXSYSTM:00/LNXPWRBN:00/input/input0
[    0.507897] ACPI: Power Button [PWRF]
[    0.508549] input: Sleep Button as /devices/LNXSYSTM:00/LNXSLPBN:00/input/input1
[    0.509669] ACPI: Sleep Button [SLPF]
[    0.511185] ACPI: Battery Slot [BAT0] (battery present)
[    0.512929] Serial: 8250/16550 driver, 32 ports, IRQ sharing enabled
[    0.535200] 00:02: ttyS0 at I/O 0x3f8 (irq = 4, base_baud = 115200) is a 16550A
[    0.537458] Linux agpgart interface v0.103
[    0.539221] loop: module loaded
[    0.540204] scsi host0: ata_piix
[    0.541187] scsi host1: ata_piix
[    0.541774] ata1: PATA max UDMA/33 cmd 0x1f0 ctl 0x3f6 bmdma 0xd000 irq 14
[    0.542840] ata2: PATA max UDMA/33 cmd 0x170 ctl 0x376 bmdma 0xd008 irq 15
[    0.544963] libphy: Fixed MDIO Bus: probed
[    0.545594] tun: Universal TUN/TAP device driver, 1.6
[    0.546370] PPP generic driver version 2.4.2
[    0.547048] ehci_hcd: USB 2.0 'Enhanced' Host Controller (EHCI) Driver
[    0.548377] ehci-pci: EHCI PCI platform driver
[    0.549120] ehci-platform: EHCI generic platform driver
[    0.549933] ohci_hcd: USB 1.1 'Open' Host Controller (OHCI) Driver
[    0.551030] ohci-pci: OHCI PCI platform driver
[    0.551690] ohci-platform: OHCI generic platform driver
[    0.552507] uhci_hcd: USB Universal Host Controller Interface driver
[    0.553558] i8042: PNP: PS/2 Controller [PNP0303:PS2K,PNP0f03:PS2M] at 0x60,0x64 irq 1,12
[    0.555608] serio: i8042 KBD port at 0x60,0x64 irq 1
[    0.556379] serio: i8042 AUX port at 0x60,0x64 irq 12
[    0.557165] mousedev: PS/2 mouse device common for all mice
[    0.558167] input: AT Translated Set 2 keyboard as /devices/platform/i8042/serio0/input/input2
[    0.559758] rtc_cmos rtc_cmos: rtc core: registered rtc_cmos as rtc0
[    0.560791] rtc_cmos rtc_cmos: alarms up to one day, 114 bytes nvram
[    0.562078] i2c /dev entries driver
[    0.562798] device-mapper: uevent: version 1.0.3
[    0.563588] device-mapper: ioctl: 4.37.0-ioctl (2017-09-20) initialised: dm-devel@redhat.com
[    0.565757] ledtrig-cpu: registered to indicate activity on CPUs
[    0.567138] intel_pmc_core:  initialized
[    0.567870] NET: Registered protocol family 10
[    0.570494] Segment Routing with IPv6
[    0.571070] NET: Registered protocol family 17
[    0.572486] Key type dns_resolver registered
[    0.573181] mce: Using 0 MCE banks
[    0.573842] RAS: Correctable Errors collector initialized.
[    0.575489] sched_clock: Marking stable (572459416, 0)->(701178670, -128719254)
[    0.576737] registered taskstats version 1
[    0.577388] Loading compiled-in X.509 certificates
[    0.579368] Loaded X.509 cert 'Build time autogenerated kernel key: 12f2d460e247d21dc5d156478bb7d4abc0f5a070'
[    0.582082] zswap: loaded using pool lzo/zbud
[    0.584554] Key type big_key registered
[    0.585421] Key type trusted registered
[    0.587118] Key type encrypted registered
[    0.588132] AppArmor: AppArmor sha1 policy hashing enabled
[    0.589267] ima: No TPM chip found, activating TPM-bypass! (rc=-19)
[    0.590286] ima: Allocated hash algorithm: sha1
[    0.591008] evm: HMAC attrs: 0x1
[    0.591824]   Magic number: 8:354:999
[    0.592461] i8042 aux 00:01: hash matches
[    0.593117]  pnp0: hash matches
[    0.593765] rtc_cmos rtc_cmos: setting system clock to 2020-10-13 18:58:38 UTC (1602615518)
[    0.595131] BIOS EDD facility v0.16 2004-Jun-25, 0 devices found
[    0.596073] EDD information not available.
[    0.729878] Freeing unused kernel image memory: 2436K
[    0.736597] Write protecting the kernel read-only data: 20480k
[    0.738392] Freeing unused kernel image memory: 2008K
[    0.739749] Freeing unused kernel image memory: 1872K
[    0.747768] x86/mm: Checked W+X mappings: passed, no W+X pages found.
[    0.749342] x86/mm: Checking user space page tables
[    0.757243] x86/mm: Checked W+X mappings: passed, no W+X pages found.
Loading, please wait...
starting version 237
[    0.827388] e1000: Intel(R) PRO/1000 Network Driver - version 7.3.21-k8-NAPI
[    0.829119] e1000: Copyright (c) 1999-2006 Intel Corporation.
[    0.834574] Fusion MPT base driver 3.04.20
[    0.835190] Copyright (c) 1999-2008 LSI Corporation
[    0.842042] Fusion MPT SPI Host driver 3.04.20
[    0.853419] AVX2 version of gcm_enc/dec engaged.
[    0.854823] AES CTR mode by8 optimization enabled
[    0.862287] mptbase: ioc0: Initiating bringup
[    0.956760] ioc0: LSI53C1030 A0: Capabilities={Initiator}
[    1.042383] input: ImExPS/2 Generic Explorer Mouse as /devices/platform/i8042/serio1/input/input4
[    1.203284] scsi host2: ioc0: LSI53C1030 A0, FwRev=00000000h, Ports=1, MaxQ=256, IRQ=20
[    1.372814] scsi 2:0:0:0: Direct-Access     VBOX     HARDDISK         1.0  PQ: 0 ANSI: 5
[    1.375197] scsi target2:0:0: Beginning Domain Validation
[    1.379692] scsi target2:0:0: Domain Validation skipping write tests
[    1.381205] scsi target2:0:0: Ending Domain Validation
[    1.382443] random: fast init done
[    1.383241] scsi target2:0:0: asynchronous
[    1.384585] scsi 2:0:1:0: Direct-Access     VBOX     HARDDISK         1.0  PQ: 0 ANSI: 5
[    1.386322] scsi target2:0:1: Beginning Domain Validation
[    1.388282] scsi target2:0:1: Domain Validation skipping write tests
[    1.389635] scsi target2:0:1: Ending Domain Validation
[    1.390783] scsi target2:0:1: asynchronous
[    1.395672] random: systemd-udevd: uninitialized urandom read (16 bytes read)
[    1.397158] random: systemd-udevd: uninitialized urandom read (16 bytes read)
[    1.398506] random: systemd-udevd: uninitialized urandom read (16 bytes read)
[    1.399991] sd 2:0:0:0: Attached scsi generic sg0 type 0
[    1.401031] sd 2:0:0:0: [sda] 83886080 512-byte logical blocks: (42.9 GB/40.0 GiB)
[    1.402424] sd 2:0:0:0: [sda] Write Protect is off
[    1.403537] sd 2:0:0:0: [sda] Incomplete mode parameter data
[    1.404790] sd 2:0:0:0: [sda] Assuming drive cache: write through
[    1.406078] sd 2:0:1:0: [sdb] 20480 512-byte logical blocks: (10.5 MB/10.0 MiB)
[    1.407432] sd 2:0:1:0: [sdb] Write Protect is off
[    1.409110] sd 2:0:1:0: [sdb] Incomplete mode parameter data
[    1.410117] sd 2:0:1:0: [sdb] Assuming drive cache: write through
[    1.411197] sd 2:0:1:0: Attached scsi generic sg1 type 0
[    1.421506]  sda: sda1
[    1.431231] sd 2:0:0:0: [sda] Attached SCSI disk
[    1.436583] sd 2:0:1:0: [sdb] Attached SCSI disk
[    1.766222] e1000 0000:00:03.0 eth0: (PCI:33MHz:32-bit) 02:7d:29:b6:4b:3c
[    1.768098] e1000 0000:00:03.0 eth0: Intel(R) PRO/1000 Network Connection
[    2.138862] e1000 0000:00:08.0 eth1: (PCI:33MHz:32-bit) 08:00:27:6c:1c:3d
[    2.140484] e1000 0000:00:08.0 eth1: Intel(R) PRO/1000 Network Connection
[    2.517095] e1000 0000:00:09.0 eth2: (PCI:33MHz:32-bit) 08:00:27:eb:27:74
[    2.518744] e1000 0000:00:09.0 eth2: Intel(R) PRO/1000 Network Connection
Begin: Loading essential drivers ... [    3.838090] raid6: sse2x1   gen() 15984 MB/s
[    3.884342] raid6: sse2x1   xor()  7978 MB/s
[    3.934360] raid6: sse2x2   gen() 19731 MB/s
[    3.984465] raid6: sse2x2   xor() 12918 MB/s
[    4.034394] raid6: sse2x4   gen() 21458 MB/s
[    4.084480] raid6: sse2x4   xor() 13032 MB/s
[    4.135030] raid6: avx2x1   gen() 32589 MB/s
[    4.185825] raid6: avx2x1   xor() 17735 MB/s
[    4.232145] raid6: avx2x2   gen() 35289 MB/s
[    4.282142] raid6: avx2x2   xor() 22902 MB/s
[    4.342548] raid6: avx2x4   gen() 45081 MB/s
[    4.392717] raid6: avx2x4   xor() 23084 MB/s
[    4.393870] raid6: using algorithm avx2x4 gen() 45081 MB/s
[    4.394989] raid6: .... xor() 23084 MB/s, rmw enabled
[    4.395697] raid6: using avx2x2 recovery algorithm
[    4.397913] xor: automatically using best checksumming function   avx       
[    4.400264] async_tx: api initialized (async)
done.
Begin: Running /scripts/init-premount ... done.
Begin: Mounting root file system ... Begin: Running /scripts/local-top ... done.
Begin: Running /scripts/local-premount ... [    4.438947] Btrfs loaded, crc32c=crc32c-intel
Scanning for Btrfs filesystems
done.
Warning: fsck not present, so skipping root file system
[    4.461700] EXT4-fs (sda1): mounted filesystem with ordered data mode. Opts: (null)
done.
Begin: Running /scripts/local-bottom ... done.
Begin: Running /scripts/init-bottom ... done.
[    4.574292] ip_tables: (C) 2000-2006 Netfilter Core Team
[    4.580533] systemd[1]: systemd 237 running in system mode. (+PAM +AUDIT +SELINUX +IMA +APPARMOR +SMACK +SYSVINIT +UTMP +LIBCRYPTSETUP +GCRYPT +GNUTLS +ACL +XZ +LZ4 +SECCOMP +BLKID +ELFUTILS +KMOD -IDN2 +IDN -PCRE2 default-hierarchy=hybrid)
[    4.584261] systemd[1]: Detected virtualization oracle.
[    4.585221] systemd[1]: Detected architecture x86-64.

Welcome to [1mUbuntu 18.04.5 LTS[0m!

[    4.588229] systemd[1]: Set hostname to <deployment>.
[    4.775605] systemd[1]: Started Forward Password Requests to Wall Directory Watch.
[[0;32m  OK  [0m] Started Forward Password Requests to Wall Directory Watch.
[    4.789976] systemd[1]: Created slice System Slice.
[[0;32m  OK  [0m] Created slice System Slice.
[    4.793294] systemd[1]: Listening on Syslog Socket.
[[0;32m  OK  [0m] Listening on Syslog Socket.
[    4.795327] systemd[1]: Listening on Journal Audit Socket.
[[0;32m  OK  [0m] Listening on Journal Audit Socket.
[    4.797327] systemd[1]: Listening on Device-mapper event daemon FIFOs.
[[0;32m  OK  [0m] Listening on Device-mapper event daemon FIFOs.
[    4.799912] systemd[1]: Listening on /dev/initctl Compatibility Named Pipe.
[[0;32m  OK  [0m] Listening on /dev/initctl Compatibility Named Pipe.
[[0;32m  OK  [0m] Listening on udev Control Socket.
[[0;32m  OK  [0m] Listening on Journal Socket.
         Mounting POSIX Message Queue File System...
         Starting Uncomplicated firewall...
         Starting Remount Root and Kernel File Systems...
[[    4.861139] EXT4-fs (sda1): re-mounted. Opts: (null)
[0;32m  OK  [0m] Listening on Journal Socket (/dev/log).
         Starting Journal Service...
         Mounting Kernel Debug File System...
         Starting Create list of required st…ce nodes for the current kernel...
[[0;32m  OK  [0m] Created slice system-serial\x2dgetty.slice.
[[0;32m  OK  [0m] Listening on LVM2 poll daemon socket.
         Starting Load Kernel Modules...
         Mounting Huge Pages File System...
[[0;32m  OK  [0m] Listening on Network Service Netlink Socket.
[[0;32m  OK  [0m] Reached target User and Group Name Lookups.
[[0;32m  OK  [0m] Listening on LVM2 metadata daemon socket.
         Starting Monitoring of LVM2 mirrors…ng dmeventd or progress polling...
[    4.903105] Loading iSCSI transport class v2.0-870.
[[0;32m  OK  [0m] Listening on udev Kernel Socket.
         Starting udev Coldplug all Devices...
         Starting Set the console keyboard layout...
[[0;32m  OK  [0m] [    4.914776] iscsi: registered transport (tcp)
Set up automount Arbitrary Executab…rmats File System Automount Point.
[[0;32m  OK  [0m] Created slice User and Session Slice.
[[0;32m  OK  [0m] Reached target Slices.
[[0;32m  OK  [0m] Reached target System Time Synchronized.
[    4.969998] iscsi: registered transport (iser)
[[0;32m  OK  [0m] Reached target Swap.
[[0;32m  OK  [0m] Started Journal Service.
[[0;32m  OK  [0m] Mounted POSIX Message Queue File System.
[[0;32m  OK  [0m] Started Uncomplicated firewall.
[[0;32m  OK  [0m] Started Remount Root and Kernel File Systems.
[[0;32m  OK  [0m] Mounted Kernel Debug File System.
[[0;32m  OK  [0m] Started Create list of required sta…vice nodes for the current kernel.
[[0;32m  OK  [0m] Started Load Kernel Modules.
[[0;32m  OK  [0m] Mounted Huge Pages File System.
[[0;32m  OK  [0m] Started Set the console keyboard layout.
[[0;32m  OK  [0m] Started LVM2 metadata daemon.
         Mounting Kernel Configuration File System...
         Starting Apply Kernel Variables...
         Mounting FUSE Control File System...
         Starting Create Static Device Nodes in /dev...
         Starting Load/Save Random Seed...
         Starting Flush Journal to Persistent Storage...
[[0;32m  OK  [0m] Mounted Kernel Configuration File System.
[[0;32m  OK  [0m] Started udev Coldplug all Devices.
[[0;32m  OK  [0m] Mounted FUSE Control File System.
[[0;32m  OK  [0m] Started Create Static Device Nodes in /dev.
[[0;32m  OK  [0m] Started Load/Save Random Seed.
         Starting udev Kernel Device Manager...
[[0;32m  OK  [0m] Started Apply Kernel Variables.
[[0;32m  OK  [0m] Started Monitoring of LVM2 mirrors,…sing dmeventd or progress polling.
[[0;32m  OK  [0m] Reached target Local File Systems (Pre).
[[0;32m  OK  [0m] Reached target Local File Systems.
         Starting AppArmor initialization...
         Starting Tell Plymouth To Write Out Runtime Data...
         Starting ebtables ruleset management...
         Starting Set console font and keymap...
         Mounting /vagrant...
[[0;32m  OK  [0m] Started udev Kernel Device Manager.
[[0;32m  OK  [0m] Started Flush Journal to Persistent Storage.
[[0;32m  OK  [0m] Started Tell Plymouth To Write Out Runtime Data.
[[0;32m  OK  [0m] Started Set console font and keymap.
         Starting Create Volatile Files and Directories...
[[0;32m  OK  [0m] Started Dispatch Password Requests to Console Directory Watch.
[[0;32m  OK  [0m] Reached target Local Encrypted Volumes.
[[0;32m  OK  [0m] Mounted /vagrant.
[[0;32m  OK  [0m] Started Create Volatile Files and Directories.
         Starting Update UTMP about System Boot/Shutdown...
[[0;32m  OK  [0m] Started Update UTMP about System Boot/Shutdown.
[[0;32m  OK  [0m] Started ebtables ruleset management.
[[0;32m  OK  [0m] Started AppArmor initialization.
         Starting Initial cloud-init job (pre-networking)...
         Starting Load AppArmor profiles managed internally by snapd...
[[0;32m  OK  [0m] Started Load AppArmor profiles managed internally by snapd.
[[0;32m  OK  [0m] Found device /dev/ttyS0.
[[0;32m  OK  [0m] Listening on Load/Save RF Kill Switch Status /dev/rfkill Watch.
[    6.214521] cloud-init[516]: Cloud-init v. 20.3-2-g371b392c-0ubuntu1~18.04.1 running 'init-local' at Tue, 13 Oct 2020 18:58:44 +0000. Up 6.09 seconds.
[[0;32m  OK  [0m] Started Initial cloud-init job (pre-networking).
[[0;32m  OK  [0m] Reached target Network (Pre).
         Starting Network Service...
[[0;32m  OK  [0m] Started Network Service.
         Starting Wait for Network to be Configured...
         Starting Network Name Resolution...
[[0;32m  OK  [0m] Started Network Name Resolution.
[[0;32m  OK  [0m] Reached target Host and Network Name Lookups.
[[0;32m  OK  [0m] Reached target Network.
[[0;32m  OK  [0m] Started Wait for Network to be Configured.
         Starting Initial cloud-init job (metadata service crawler)...
[    7.683576] cloud-init[645]: Cloud-init v. 20.3-2-g371b392c-0ubuntu1~18.04.1 running 'init' at Tue, 13 Oct 2020 18:58:45 +0000. Up 7.58 seconds.
[    7.696436] cloud-init[645]: ci-info: ++++++++++++++++++++++++++++++++++++++Net device info+++++++++++++++++++++++++++++++++++++++
[    7.697105] cloud-init[645]: ci-info: +--------+-------+----------------------------+---------------+--------+-------------------+
[    7.698413] cloud-init[645]: ci-info: | Device |   Up  |          Address           |      Mask     | Scope  |     Hw-Address    |
[    7.700544] cloud-init[645]: ci-info: +--------+-------+----------------------------+---------------+--------+-------------------+
[    7.702674] cloud-init[645]: ci-info: | enp0s3 |  True |         10.0.2.15          | 255.255.255.0 | global | 02:7d:29:b6:4b:3c |
[    7.706295] cloud-init[645]: ci-info: | enp0s3 |  True | fe80::7d:29ff:feb6:4b3c/64 |       .       |  link  | 02:7d:29:b6:4b:3c |
[    7.710981] cloud-init[645]: ci-info: |  eth1  | False |             .              |       .       |   .    | 08:00:27:6c:1c:3d |
[    7.712799] cloud-init[645]: ci-info: |  eth2  | False |             .              |       .       |   .    | 08:00:27:eb:27:74 |
[    7.719974] cloud-init[645]: ci-info: |   lo   |  True |         127.0.0.1          |   255.0.0.0   |  host  |         .         |
[    7.732365] cloud-init[645]: ci-info: |   lo   |  True |          ::1/128           |       .       |  host  |         .         |
[    7.744679] cloud-init[645]: ci-info: +--------+-------+----------------------------+---------------+--------+-------------------+
[    7.756503] cloud-init[645]: ci-info: ++++++++++++++++++++++++++++Route IPv4 info+++++++++++++++++++++++++++++
[    7.758305] cloud-init[645]: ci-info: +-------+-------------+----------+-----------------+-----------+-------+
[    7.759776] cloud-init[645]: ci-info: | Route | Destination | Gateway  |     Genmask     | Interface | Flags |
[    7.763441] cloud-init[645]: ci-info: +-------+-------------+----------+-----------------+-----------+-------+
[    7.776271] cloud-init[645]: ci-info: |   0   |   0.0.0.0   | 10.0.2.2 |     0.0.0.0     |   enp0s3  |   UG  |
[    7.788367] cloud-init[645]: ci-info: |   1   |   10.0.2.0  | 0.0.0.0  |  255.255.255.0  |   enp0s3  |   U   |
[    7.790371] cloud-init[645]: ci-info: |   2   |   10.0.2.2  | 0.0.0.0  | 255.255.255.255 |   enp0s3  |   UH  |
[    7.795174] cloud-init[645]: ci-info: +-------+-------------+----------+-----------------+-----------+-------+
[    7.799284] cloud-init[645]: ci-info: +++++++++++++++++++Route IPv6 info+++++++++++++++++++
[    7.804247] cloud-init[645]: ci-info: +-------+-------------+---------+-----------+-------+
[    7.806490] cloud-init[645]: ci-info: | Route | Destination | Gateway | Interface | Flags |
[    7.809931] cloud-init[645]: ci-info: +-------+-------------+---------+-----------+-------+
[    7.811175] cloud-init[645]: ci-info: |   1   |  fe80::/64  |    ::   |   enp0s3  |   U   |
[    7.814688] cloud-init[645]: ci-info: |   3   |    local    |    ::   |   enp0s3  |   U   |
[    7.816114] cloud-init[645]: ci-info: |   4   |   ff00::/8  |    ::   |   enp0s3  |   U   |
[    7.819745] cloud-init[645]: ci-info: +-------+-------------+---------+-----------+-------+
[[0;32m  OK  [0m] Started Initial cloud-init job (metadata service crawler).
[[0;32m  OK  [0m] Reached target System Initialization.
[[0;32m  OK  [0m] Started Message of the Day.
[[0;32m  OK  [0m] Listening on ACPID Listen Socket.
[[0;32m  OK  [0m] Started Daily apt download activities.
[[0;32m  OK  [0m] Listening on D-Bus System Message Bus Socket.
[[0;32m  OK  [0m] Started Daily Cleanup of Temporary Directories.
[[0;32m  OK  [0m] Started Daily apt upgrade and clean activities.
[[0;32m  OK  [0m] Listening on UUID daemon activation socket.
[[0;32m  OK  [0m] Started Discard unused blocks once a week.
[[0;32m  OK  [0m] Reached target Timers.
[[0;32m  OK  [0m] Started ACPI Events Check.
[[0;32m  OK  [0m] Reached target Paths.
         Starting Socket activation for snappy daemon.
[[0;32m  OK  [0m] Listening on Open-iSCSI iscsid Socket.
         Starting LXD - unix socket.
[[0;32m  OK  [0m] Reached target Cloud-config availability.
[[0;32m  OK  [0m] Reached target Network is Online.
         Starting Availability of block devices...
[[0;32m  OK  [0m] Reached target Remote File Systems (Pre).
[[0;32m  OK  [0m] Reached target Remote File Systems.
[[0;32m  OK  [0m] Listening on Socket activation for snappy daemon.
[[0;32m  OK  [0m] Listening on LXD - unix socket.
[[0;32m  OK  [0m] Started Availability of block devices.
[[0;32m  OK  [0m] Reached target Sockets.
[[0;32m  OK  [0m] Reached target Basic System.
         Starting Permit User Sessions...
         Starting LXD - container startup/shutdown...
         Starting LSB: Record successful boot for GRUB...
[[0;32m  OK  [0m] Started Regular background program processing daemon.
[[0;32m  OK  [0m] Started D-Bus System Message Bus.
         Starting OpenBSD Secure Shell server...
[[0;32m  OK  [0m] Started irqbalance daemon.
         Starting Dispatcher daemon for systemd-networkd...
         Starting Accounts Service...
         Starting System Logging Service...
         Starting LSB: automatic crash report generation...
         Starting Virtualbox guest utils...
[[0;32m  OK  [0m] Started Deferred execution scheduler.
         Starting Login Service...
         Starting Snap Daemon...
[[0;32m  OK  [0m] Started FUSE filesystem for LXC.
[[0;32m  OK  [0m] Started System Logging Service.
[[0;32m  OK  [0m] Started Permit User Sessions.
[[0;32m  OK  [0m] Started LXD - container startup/shutdown.
[[0;32m  OK  [0m] Started Login Service.
[[0;32m  OK  [0m] Started OpenBSD Secure Shell server.
[[0;32m  OK  [0m] Started Unattended Upgrades Shutdown.
         Starting Terminate Plymouth Boot Screen...
         Starting Hold until boot process finishes up...
[[0;32m  OK  [0m] Started Terminate Plymouth Boot Screen.
[[0;32m  OK  [0m] Started Hold until boot process finishes up.
         Starting Set console scheme...
[[0;32m  OK  [0m] Started Serial Getty on ttyS0.
         Starting Authorization Manager...
[[0;32m  OK  [0m] Started Set console scheme.
[[0;32m  OK  [0m] Created slice system-getty.slice.
[[0;32m  OK  [0m] Started Getty on tty1.
[[0;32m  OK  [0m] Reached target Login Prompts.
[[0;32m  OK  [0m] Started LSB: Record successful boot for GRUB.
[[0;32m  OK  [0m] Started LSB: automatic crash report generation.
[[0;32m  OK  [0m] Started Authorization Manager.
[[0;32m  OK  [0m] Started Virtualbox guest utils.
[[0;32m  OK  [0m] Started Accounts Service.
[[0;32m  OK  [0m] Started Dispatcher daemon for systemd-networkd.
[[0;32m  OK  [0m] Started Snap Daemon.
         Starting Wait until snapd is fully seeded...
[[0;32m  OK  [0m] Started Wait until snapd is fully seeded.
         Starting Apply the settings specified in cloud-config...
[[0;32m  OK  [0m] Reached target Multi-User System.
[[0;32m  OK  [0m] Reached target Graphical Interface.
         Starting Update UTMP about System Runlevel Changes...
[[0;32m  OK  [0m] Started Update UTMP about System Runlevel Changes.
[    9.141670] cloud-init[956]: Cloud-init v. 20.3-2-g371b392c-0ubuntu1~18.04.1 running 'modules:config' at Tue, 13 Oct 2020 18:58:46 +0000. Up 9.08 seconds.
[[0;32m  OK  [0m] Started Apply the settings specified in cloud-config.
         Starting Execute cloud user/final scripts...
[    9.490004] cloud-init[1000]: Cloud-init v. 20.3-2-g371b392c-0ubuntu1~18.04.1 running 'modules:final' at Tue, 13 Oct 2020 18:58:47 +0000. Up 9.41 seconds.
[    9.503007] cloud-init[1000]: Cloud-init v. 20.3-2-g371b392c-0ubuntu1~18.04.1 finished at Tue, 13 Oct 2020 18:58:47 +0000. Datasource DataSourceNoCloud [seed=/dev/sdb][dsmode=net].  Up 9.48 seconds
[[0;32m  OK  [0m] Started Execute cloud user/final scripts.
[[0;32m  OK  [0m] Reached target Cloud-init target.

Ubuntu 18.04.5 LTS deployment ttyS0

deployment login: -----------+-------+
         Starting Snap Daemon...
         Starting Dispatcher daemon for systemd-networkd...
[[0;32m  OK  [0m] Started Regular background program processing daemon.
[[0;32m  OK  [0m] Started System Logging Service.
[[0;32m  OK  [0m] Started Permit User Sessions.
[[0;32m  OK  [0m] Started LXD - container startup/shutdown.
[[0;32m  OK  [0m] Started Initialize hardware monitoring sensors.
[[0;32m  OK  [0m] Started Login Service.
[[0;32m  OK  [0m] Started Unattended Upgrades Shutdown.
         Starting Hold until boot process finishes up...
         Starting Terminate Plymouth Boot Screen...
[[0;32m  OK  [0m] Started OpenBSD Secure Shell server.
[[0;32m  OK  [0m] Started LSB: disk temperature monitoring daemon.
[[0;32m  OK  [0m] Started Hold until boot process finishes up.
[[0;32m  OK  [0m] Started Terminate Plymouth Boot Screen.
[[0;32m  OK  [0m] Started Serial Getty on ttyS0.
         Starting Set console scheme...
[[0;32m  OK  [0m] Started LSB: Starts and daemonize Glances server.
[[0;32m  OK  [0m] Started Set console scheme.
[[0;32m  OK  [0m] Created slice system-getty.slice.
[[0;32m  OK  [0m] Started Getty on tty1.
[[0;32m  OK  [0m] Reached target Login Prompts.
         Starting Authorization Manager...
[[0;32m  OK  [0m] Started Virtualbox guest utils.
[[0;32m  OK  [0m] Started LSB: Record successful boot for GRUB.
[[0;32m  OK  [0m] Started LSB: automatic crash report generation.
[[0;32m  OK  [0m] Started Authorization Manager.
[[0;32m  OK  [0m] Started Accounts Service.
[[0;32m  OK  [0m] Started Dispatcher daemon for systemd-networkd.
[[0;32m  OK  [0m] Started Snap Daemon.
         Starting Wait until snapd is fully seeded...
[[0;32m  OK  [0m] Started Wait until snapd is fully seeded.
[[0;32m  OK  [0m] Reached target Multi-User System.
[[0;32m  OK  [0m] Reached target Graphical Interface.
         Starting Update UTMP about System Runlevel Changes...
         Starting Apply the settings specified in cloud-config...
[[0;32m  OK  [0m] Started Update UTMP about System Runlevel Changes.
[   10.069749] cloud-init[934]: Cloud-init v. 20.3-2-g371b392c-0ubuntu1~18.04.1 running 'modules:config' at Tue, 13 Oct 2020 18:57:29 +0000. Up 10.01 seconds.
[[0;32m  OK  [0m] Started Apply the settings specified in cloud-config.
         Starting Execute cloud user/final scripts...
[   10.424430] cloud-init[977]: Cloud-init v. 20.3-2-g371b392c-0ubuntu1~18.04.1 running 'modules:final' at Tue, 13 Oct 2020 18:57:30 +0000. Up 10.36 seconds.
[   10.425549] cloud-init[977]: Cloud-init v. 20.3-2-g371b392c-0ubuntu1~18.04.1 finished at Tue, 13 Oct 2020 18:57:30 +0000. Datasource DataSourceNoCloud [seed=/dev/sdb][dsmode=net].  Up 10.41 seconds
[[0;32m  OK  [0m] Started Execute cloud user/final scripts.
[[0;32m  OK  [0m] Reached target Cloud-init target.

Ubuntu 18.04.5 LTS block1 ttyS0

block1 login: 